{"logTime": "0625/191517", "correlationVector":"YASdQRkag9a/Ou8uWhtywl.1","action":"SyncServerConnectionManagerRequest", "result":"SYNC_SERVER_OK", "context":{"environment":"Prod_EastUS2_000e", "migrationStage":"NotStarted", "server":"GENERAL01000037"}}
{"logTime": "0625/191517", "correlationVector":"ZH2YQkY2jbbRniELv6FCM0","action":"SyncServerConnectionManagerRequest", "result":"SYNC_SERVER_OK", "context":{"environment":"", "migrationStage":"", "server":""}}
{"logTime": "0625/191517", "correlationVector":"YASdQRkag9a/Ou8uWhtywl","action":"Initial GetUpdates", "result":"", "context":Reason: NEW_CLIENT. cV=YASdQRkag9a/Ou8uWhtywl}
{"logTime": "0625/191517", "correlationVector":"YASdQRkag9a/Ou8uWhtywl.2","action":"GetUpdates Response", "result":"Success", "context":Received 1 update(s). cV=YASdQRkag9a/Ou8uWhtywl.0;server=GENERAL01000037;cloudType=Consumer;environment=Prod_EastUS2_000e;migrationStage=NotStarted}
{"logTime": "0625/191517", "correlationVector":"Uj07pG3Xexi97M5XiZq7pD","action":"Normal GetUpdate request", "result":"", "context":cV=Uj07pG3Xexi97M5XiZq7pD
Refresh requested types: Device Info, User Consents, Send Tab To Self, Encryption Keys}
{"logTime": "0625/191518", "correlationVector":"Uj07pG3Xexi97M5XiZq7pD.1","action":"SyncServerConnectionManagerRequest", "result":"SYNC_SERVER_OK", "context":{"environment":"Prod_NorthCentralUS_000g", "migrationStage":"NotStarted", "server":"GENERAL01000015"}}
{"logTime": "0625/191518", "correlationVector":"Uj07pG3Xexi97M5XiZq7pD.2","action":"GetUpdates Response", "result":"Success", "context":Received 0 update(s). cV=Uj07pG3Xexi97M5XiZq7pD.0;server=GENERAL01000015;cloudType=Consumer;environment=Prod_NorthCentralUS_000g;migrationStage=NotStarted}
{"logTime": "0625/192017", "correlationVector":"4w5fwyMnqSw1YFZRIvTd4y","action":"Normal GetUpdate request", "result":"", "context":cV=4w5fwyMnqSw1YFZRIvTd4y
Refresh requested types: Device Info, User Consents, Send Tab To Self, Encryption Keys}
{"logTime": "0625/192017", "correlationVector":"4w5fwyMnqSw1YFZRIvTd4y.1","action":"SyncServerConnectionManagerRequest", "result":"SYNC_SERVER_OK", "context":{"environment":"Prod_NorthCentralUS_000g", "migrationStage":"NotStarted", "server":"GENERAL0100002P"}}
{"logTime": "0625/192017", "correlationVector":"4w5fwyMnqSw1YFZRIvTd4y.2","action":"GetUpdates Response", "result":"Success", "context":Received 0 update(s). cV=4w5fwyMnqSw1YFZRIvTd4y.0;server=GENERAL0100002P;cloudType=Consumer;environment=Prod_NorthCentralUS_000g;migrationStage=NotStarted}
{"logTime": "0626/142336", "correlationVector":"ZkMxAdaJ53hAIairQoNHq/.1","action":"SyncServerConnectionManagerRequest", "result":"SYNC_SERVER_OK", "context":{"environment":"Prod_NorthCentralUS_000g", "migrationStage":"NotStarted", "server":"GENERAL0100000T"}}
{"logTime": "0626/142336", "correlationVector":"1GJv6Z/NlOASS2CcntCoD7","action":"SyncServerConnectionManagerRequest", "result":"SYNC_SERVER_OK", "context":{"environment":"", "migrationStage":"", "server":""}}
{"logTime": "0626/142336", "correlationVector":"ZkMxAdaJ53hAIairQoNHq/","action":"Initial GetUpdates", "result":"", "context":Reason: NEW_CLIENT. cV=ZkMxAdaJ53hAIairQoNHq/}
{"logTime": "0626/142336", "correlationVector":"ZkMxAdaJ53hAIairQoNHq/.2","action":"GetUpdates Response", "result":"Success", "context":Received 1 update(s). cV=ZkMxAdaJ53hAIairQoNHq/.0;server=GENERAL0100000T;cloudType=Consumer;environment=Prod_NorthCentralUS_000g;migrationStage=NotStarted}
{"logTime": "0626/142336", "correlationVector":"zCJCdshaquHzR0pY46C0lN","action":"Initial GetUpdates", "result":"", "context":Reason: NEWLY_SUPPORTED_DATATYPE. cV=zCJCdshaquHzR0pY46C0lN}
{"logTime": "0626/142336", "correlationVector":"zCJCdshaquHzR0pY46C0lN.1","action":"SyncServerConnectionManagerRequest", "result":"SYNC_SERVER_OK", "context":{"environment":"Prod_CentralUS_000t", "migrationStage":"NotStarted", "server":"general01000008"}}
{"logTime": "0626/142336", "correlationVector":"zCJCdshaquHzR0pY46C0lN.2","action":"GetUpdates Response", "result":"Success", "context":Received 0 update(s). cV=zCJCdshaquHzR0pY46C0lN.0;server=general01000008;cloudType=Consumer;environment=Prod_CentralUS_000t;migrationStage=NotStarted}
{"logTime": "0626/142336", "correlationVector":"BTUpJOEO32xweHCeYH52H4","action":"Normal GetUpdate request", "result":"", "context":cV=BTUpJOEO32xweHCeYH52H4
Nudged types: Device Info
Refresh requested types: Device Info, User Consents, Send Tab To Self, Encryption Keys}
{"logTime": "0626/142336", "correlationVector":"BTUpJOEO32xweHCeYH52H4.1","action":"SyncServerConnectionManagerRequest", "result":"SYNC_SERVER_OK", "context":{"environment":"Prod_NorthCentralUS_000g", "migrationStage":"NotStarted", "server":"GENERAL0100002N"}}
{"logTime": "0626/142336", "correlationVector":"BTUpJOEO32xweHCeYH52H4.2","action":"GetUpdates Response", "result":"Success", "context":Received 2 update(s). cV=BTUpJOEO32xweHCeYH52H4.0;server=GENERAL0100002N;cloudType=Consumer;environment=Prod_NorthCentralUS_000g;migrationStage=NotStarted}
{"logTime": "0626/142336", "correlationVector":"oWqz7US4Yl991yzwWXw+76","action":"Commit Request", "result":"", "context":Item count: 1
Contributing types: Device Info}
{"logTime": "0626/142337", "correlationVector":"oWqz7US4Yl991yzwWXw+76.1","action":"SyncServerConnectionManagerRequest", "result":"SYNC_SERVER_OK", "context":{"environment":"Prod_EastUS2_000e", "migrationStage":"NotStarted", "server":"GENERAL0100000K"}}
{"logTime": "0626/142337", "correlationVector":"oWqz7US4Yl991yzwWXw+76.2","action":"Commit Response", "result":"Success", "context":Result: Success. cV=oWqz7US4Yl991yzwWXw+76.0;server=GENERAL0100000K;cloudType=Consumer;environment=Prod_EastUS2_000e;migrationStage=NotStarted}
{"logTime": "0626/142337", "correlationVector":"BBkiA/REo84gYPpUXoZ57b","action":"Normal GetUpdate request", "result":"", "context":cV=BBkiA/REo84gYPpUXoZ57b
Nudged types: Device Info}
{"logTime": "0626/142337", "correlationVector":"BBkiA/REo84gYPpUXoZ57b.1","action":"SyncServerConnectionManagerRequest", "result":"SYNC_SERVER_OK", "context":{"environment":"Prod_CentralUS_000t", "migrationStage":"NotStarted", "server":"GENERAL0100000V"}}
{"logTime": "0626/142337", "correlationVector":"BBkiA/REo84gYPpUXoZ57b.2","action":"GetUpdates Response", "result":"Success", "context":Received 1 update(s). cV=BBkiA/REo84gYPpUXoZ57b.0;server=GENERAL0100000V;cloudType=Consumer;environment=Prod_CentralUS_000t;migrationStage=NotStarted}
{"logTime": "0626/142337", "correlationVector":"3E7uwM6K2lBnQqg/UJh8Aj","action":"Poll GetUpdate request", "result":"", "context":cV=3E7uwM6K2lBnQqg/UJh8Aj}
{"logTime": "0626/142337", "correlationVector":"3E7uwM6K2lBnQqg/UJh8Aj.1","action":"SyncServerConnectionManagerRequest", "result":"SYNC_SERVER_OK", "context":{"environment":"Prod_CentralUS_000t", "migrationStage":"NotStarted", "server":"GENERAL0100000O"}}
{"logTime": "0626/142337", "correlationVector":"3E7uwM6K2lBnQqg/UJh8Aj.2","action":"GetUpdates Response", "result":"Success", "context":Received 0 update(s). cV=3E7uwM6K2lBnQqg/UJh8Aj.0;server=GENERAL0100000O;cloudType=Consumer;environment=Prod_CentralUS_000t;migrationStage=NotStarted}
{"logTime": "0626/142836", "correlationVector":"be2RWBAxoq5AsUj2V3CZdr","action":"Normal GetUpdate request", "result":"", "context":cV=be2RWBAxoq5AsUj2V3CZdr
Refresh requested types: Device Info, User Consents, Send Tab To Self, Encryption Keys}
{"logTime": "0626/142836", "correlationVector":"be2RWBAxoq5AsUj2V3CZdr.1","action":"SyncServerConnectionManagerRequest", "result":"SYNC_SERVER_OK", "context":{"environment":"Prod_NorthCentralUS_000g", "migrationStage":"NotStarted", "server":"GENERAL0100001D"}}
{"logTime": "0626/142836", "correlationVector":"be2RWBAxoq5AsUj2V3CZdr.2","action":"GetUpdates Response", "result":"Success", "context":Received 0 update(s). cV=be2RWBAxoq5AsUj2V3CZdr.0;server=GENERAL0100001D;cloudType=Consumer;environment=Prod_NorthCentralUS_000g;migrationStage=NotStarted}
{"logTime": "0626/162715", "correlationVector":"F+irVVcq+x1rC/day4m1/Z.1","action":"SyncServerConnectionManagerRequest", "result":"SYNC_SERVER_OK", "context":{"environment":"Prod_NorthCentralUS_000g", "migrationStage":"NotStarted", "server":"GENERAL0100000L"}}
{"logTime": "0626/162715", "correlationVector":"958z/Rj5OCCJ+Jfw+U7v9I","action":"SyncServerConnectionManagerRequest", "result":"SYNC_SERVER_OK", "context":{"environment":"", "migrationStage":"", "server":""}}
{"logTime": "0626/162715", "correlationVector":"F+irVVcq+x1rC/day4m1/Z","action":"Initial GetUpdates", "result":"", "context":Reason: NEW_CLIENT. cV=F+irVVcq+x1rC/day4m1/Z}
{"logTime": "0626/162715", "correlationVector":"F+irVVcq+x1rC/day4m1/Z.2","action":"GetUpdates Response", "result":"Success", "context":Received 1 update(s). cV=F+irVVcq+x1rC/day4m1/Z.0;server=GENERAL0100000L;cloudType=Consumer;environment=Prod_NorthCentralUS_000g;migrationStage=NotStarted}
{"logTime": "0626/162715", "correlationVector":"mS3VQ/D2zUR+TpUTip8jm3","action":"Normal GetUpdate request", "result":"", "context":cV=mS3VQ/D2zUR+TpUTip8jm3
Refresh requested types: Device Info, User Consents, Send Tab To Self, Encryption Keys}
{"logTime": "0626/162716", "correlationVector":"mS3VQ/D2zUR+TpUTip8jm3.1","action":"SyncServerConnectionManagerRequest", "result":"SYNC_SERVER_OK", "context":{"environment":"Prod_NorthCentralUS_000g", "migrationStage":"NotStarted", "server":"GENERAL0100000B"}}
{"logTime": "0626/162716", "correlationVector":"mS3VQ/D2zUR+TpUTip8jm3.2","action":"GetUpdates Response", "result":"Success", "context":Received 0 update(s). cV=mS3VQ/D2zUR+TpUTip8jm3.0;server=GENERAL0100000B;cloudType=Consumer;environment=Prod_NorthCentralUS_000g;migrationStage=NotStarted}
{"logTime": "0626/163215", "correlationVector":"9FgHRKvYAd1SYPdK2A5ltO","action":"Normal GetUpdate request", "result":"", "context":cV=9FgHRKvYAd1SYPdK2A5ltO
Refresh requested types: Device Info, User Consents, Send Tab To Self, Encryption Keys}
{"logTime": "0626/163216", "correlationVector":"9FgHRKvYAd1SYPdK2A5ltO.1","action":"SyncServerConnectionManagerRequest", "result":"SYNC_SERVER_OK", "context":{"environment":"Prod_NorthCentralUS_000g", "migrationStage":"NotStarted", "server":"GENERAL0100002M"}}
{"logTime": "0626/163216", "correlationVector":"9FgHRKvYAd1SYPdK2A5ltO.2","action":"GetUpdates Response", "result":"Success", "context":Received 0 update(s). cV=9FgHRKvYAd1SYPdK2A5ltO.0;server=GENERAL0100002M;cloudType=Consumer;environment=Prod_NorthCentralUS_000g;migrationStage=NotStarted}
{"logTime": "0626/170433", "correlationVector":"qo8T1HT2E3aPInjrjiOh6R.1","action":"SyncServerConnectionManagerRequest", "result":"SYNC_SERVER_OK", "context":{"environment":"Prod_NorthCentralUS_000g", "migrationStage":"NotStarted", "server":"GENERAL0100000L"}}
{"logTime": "0626/170434", "correlationVector":"Rxla73ymlrAvSxNfz8h4Vm","action":"SyncServerConnectionManagerRequest", "result":"SYNC_SERVER_OK", "context":{"environment":"", "migrationStage":"", "server":""}}
{"logTime": "0626/170434", "correlationVector":"qo8T1HT2E3aPInjrjiOh6R","action":"Initial GetUpdates", "result":"", "context":Reason: NEW_CLIENT. cV=qo8T1HT2E3aPInjrjiOh6R}
{"logTime": "0626/170434", "correlationVector":"qo8T1HT2E3aPInjrjiOh6R.2","action":"GetUpdates Response", "result":"Success", "context":Received 1 update(s). cV=qo8T1HT2E3aPInjrjiOh6R.0;server=GENERAL0100000L;cloudType=Consumer;environment=Prod_NorthCentralUS_000g;migrationStage=NotStarted}
{"logTime": "0626/170434", "correlationVector":"vkPVVhaOxbPaI2O5lEyjvF","action":"Normal GetUpdate request", "result":"", "context":cV=vkPVVhaOxbPaI2O5lEyjvF
Refresh requested types: Device Info, User Consents, Send Tab To Self, Encryption Keys}
{"logTime": "0626/170434", "correlationVector":"vkPVVhaOxbPaI2O5lEyjvF.1","action":"SyncServerConnectionManagerRequest", "result":"SYNC_SERVER_OK", "context":{"environment":"Prod_NorthCentralUS_000g", "migrationStage":"NotStarted", "server":"GENERAL0100001T"}}
{"logTime": "0626/170434", "correlationVector":"vkPVVhaOxbPaI2O5lEyjvF.2","action":"GetUpdates Response", "result":"Success", "context":Received 0 update(s). cV=vkPVVhaOxbPaI2O5lEyjvF.0;server=GENERAL0100001T;cloudType=Consumer;environment=Prod_NorthCentralUS_000g;migrationStage=NotStarted}
{"logTime": "0626/195041", "correlationVector":"YzY4ugnVlafz/tonTwsymh.1","action":"SyncServerConnectionManagerRequest", "result":"SYNC_SERVER_OK", "context":{"environment":"Prod_NorthCentralUS_000g", "migrationStage":"NotStarted", "server":"GENERAL01000008"}}
{"logTime": "0626/195042", "correlationVector":"kkY/ZfqQ9d2HQGUfRtCPsw","action":"SyncServerConnectionManagerRequest", "result":"SYNC_SERVER_OK", "context":{"environment":"", "migrationStage":"", "server":""}}
{"logTime": "0626/195042", "correlationVector":"YzY4ugnVlafz/tonTwsymh","action":"Initial GetUpdates", "result":"", "context":Reason: NEW_CLIENT. cV=YzY4ugnVlafz/tonTwsymh}
{"logTime": "0626/195042", "correlationVector":"YzY4ugnVlafz/tonTwsymh.2","action":"GetUpdates Response", "result":"Success", "context":Received 1 update(s). cV=YzY4ugnVlafz/tonTwsymh.0;server=GENERAL01000008;cloudType=Consumer;environment=Prod_NorthCentralUS_000g;migrationStage=NotStarted}
{"logTime": "0626/195042", "correlationVector":"0VQaQds3/xXUCs5W0a75d7","action":"Normal GetUpdate request", "result":"", "context":cV=0VQaQds3/xXUCs5W0a75d7
Refresh requested types: Device Info, User Consents, Send Tab To Self, Encryption Keys}
{"logTime": "0626/195042", "correlationVector":"0VQaQds3/xXUCs5W0a75d7.1","action":"SyncServerConnectionManagerRequest", "result":"SYNC_SERVER_OK", "context":{"environment":"Prod_NorthCentralUS_000g", "migrationStage":"NotStarted", "server":"GENERAL0100000T"}}
{"logTime": "0626/195042", "correlationVector":"0VQaQds3/xXUCs5W0a75d7.2","action":"GetUpdates Response", "result":"Success", "context":Received 0 update(s). cV=0VQaQds3/xXUCs5W0a75d7.0;server=GENERAL0100000T;cloudType=Consumer;environment=Prod_NorthCentralUS_000g;migrationStage=NotStarted}
{"logTime": "0626/195541", "correlationVector":"1/ufXMllGOHA4R+lOI+dfW","action":"Normal GetUpdate request", "result":"", "context":cV=1/ufXMllGOHA4R+lOI+dfW
Refresh requested types: Device Info, User Consents, Send Tab To Self, Encryption Keys}
{"logTime": "0626/195541", "correlationVector":"1/ufXMllGOHA4R+lOI+dfW.1","action":"SyncServerConnectionManagerRequest", "result":"SYNC_SERVER_OK", "context":{"environment":"Prod_CentralUS_000t", "migrationStage":"NotStarted", "server":"GENERAL0100000V"}}
{"logTime": "0626/195541", "correlationVector":"1/ufXMllGOHA4R+lOI+dfW.2","action":"GetUpdates Response", "result":"Success", "context":Received 0 update(s). cV=1/ufXMllGOHA4R+lOI+dfW.0;server=GENERAL0100000V;cloudType=Consumer;environment=Prod_CentralUS_000t;migrationStage=NotStarted}
{"logTime": "0626/200014", "correlationVector":"ZvP32MD4y88YrCBarEB+Wm.1","action":"SyncServerConnectionManagerRequest", "result":"SYNC_SERVER_OK", "context":{"environment":"Prod_EastUS2_000e", "migrationStage":"NotStarted", "server":"GENERAL0100002A"}}
{"logTime": "0626/200014", "correlationVector":"gvbYLxt3Tex8L7vM7ToDyc","action":"SyncServerConnectionManagerRequest", "result":"SYNC_SERVER_OK", "context":{"environment":"", "migrationStage":"", "server":""}}
{"logTime": "0626/200014", "correlationVector":"ZvP32MD4y88YrCBarEB+Wm","action":"Initial GetUpdates", "result":"", "context":Reason: NEW_CLIENT. cV=ZvP32MD4y88YrCBarEB+Wm}
{"logTime": "0626/200014", "correlationVector":"ZvP32MD4y88YrCBarEB+Wm.2","action":"GetUpdates Response", "result":"Success", "context":Received 1 update(s). cV=ZvP32MD4y88YrCBarEB+Wm.0;server=GENERAL0100002A;cloudType=Consumer;environment=Prod_EastUS2_000e;migrationStage=NotStarted}
{"logTime": "0626/200014", "correlationVector":"PqO6/7GJjPzrj9TheT/Ppp","action":"Normal GetUpdate request", "result":"", "context":cV=PqO6/7GJjPzrj9TheT/Ppp
Refresh requested types: Device Info, User Consents, Send Tab To Self, Encryption Keys}
{"logTime": "0626/200014", "correlationVector":"PqO6/7GJjPzrj9TheT/Ppp.1","action":"SyncServerConnectionManagerRequest", "result":"SYNC_SERVER_OK", "context":{"environment":"Prod_CentralUS_000t", "migrationStage":"NotStarted", "server":"GENERAL0100000B"}}
{"logTime": "0626/200014", "correlationVector":"PqO6/7GJjPzrj9TheT/Ppp.2","action":"GetUpdates Response", "result":"Success", "context":Received 0 update(s). cV=PqO6/7GJjPzrj9TheT/Ppp.0;server=GENERAL0100000B;cloudType=Consumer;environment=Prod_CentralUS_000t;migrationStage=NotStarted}
{"logTime": "0626/200514", "correlationVector":"j3xb8vQvJPcsZvJaRBHDl/","action":"Normal GetUpdate request", "result":"", "context":cV=j3xb8vQvJPcsZvJaRBHDl/
Refresh requested types: Device Info, User Consents, Send Tab To Self, Encryption Keys}
{"logTime": "0626/200514", "correlationVector":"j3xb8vQvJPcsZvJaRBHDl/.1","action":"SyncServerConnectionManagerRequest", "result":"SYNC_SERVER_OK", "context":{"environment":"Prod_NorthCentralUS_000g", "migrationStage":"NotStarted", "server":"GENERAL0100000V"}}
{"logTime": "0626/200514", "correlationVector":"j3xb8vQvJPcsZvJaRBHDl/.2","action":"GetUpdates Response", "result":"Success", "context":Received 0 update(s). cV=j3xb8vQvJPcsZvJaRBHDl/.0;server=GENERAL0100000V;cloudType=Consumer;environment=Prod_NorthCentralUS_000g;migrationStage=NotStarted}
{"logTime": "0626/201545", "correlationVector":"/lMlFKbEAbfDklcuuNfVpr.1","action":"SyncServerConnectionManagerRequest", "result":"SYNC_SERVER_OK", "context":{"environment":"Prod_NorthCentralUS_000g", "migrationStage":"NotStarted", "server":"GENERAL0100002E"}}
{"logTime": "0626/201545", "correlationVector":"7cntEoTXT5E/GIsIM4KDn9","action":"SyncServerConnectionManagerRequest", "result":"SYNC_SERVER_OK", "context":{"environment":"", "migrationStage":"", "server":""}}
{"logTime": "0626/201545", "correlationVector":"/lMlFKbEAbfDklcuuNfVpr","action":"Initial GetUpdates", "result":"", "context":Reason: NEW_CLIENT. cV=/lMlFKbEAbfDklcuuNfVpr}
{"logTime": "0626/201545", "correlationVector":"/lMlFKbEAbfDklcuuNfVpr.2","action":"GetUpdates Response", "result":"Success", "context":Received 1 update(s). cV=/lMlFKbEAbfDklcuuNfVpr.0;server=GENERAL0100002E;cloudType=Consumer;environment=Prod_NorthCentralUS_000g;migrationStage=NotStarted}
{"logTime": "0626/201545", "correlationVector":"id8MM1IBEP5mthJx+6JhYA","action":"Normal GetUpdate request", "result":"", "context":cV=id8MM1IBEP5mthJx+6JhYA
Refresh requested types: Device Info, User Consents, Send Tab To Self, Encryption Keys}
{"logTime": "0626/201545", "correlationVector":"id8MM1IBEP5mthJx+6JhYA.1","action":"SyncServerConnectionManagerRequest", "result":"SYNC_SERVER_OK", "context":{"environment":"Prod_NorthCentralUS_000g", "migrationStage":"NotStarted", "server":"GENERAL01000009"}}
{"logTime": "0626/201545", "correlationVector":"id8MM1IBEP5mthJx+6JhYA.2","action":"GetUpdates Response", "result":"Success", "context":Received 0 update(s). cV=id8MM1IBEP5mthJx+6JhYA.0;server=GENERAL01000009;cloudType=Consumer;environment=Prod_NorthCentralUS_000g;migrationStage=NotStarted}
{"logTime": "0626/202045", "correlationVector":"4tpmYSqSsnW6CBW+MbzxOS","action":"Normal GetUpdate request", "result":"", "context":cV=4tpmYSqSsnW6CBW+MbzxOS
Refresh requested types: Device Info, User Consents, Send Tab To Self, Encryption Keys}
{"logTime": "0626/202046", "correlationVector":"4tpmYSqSsnW6CBW+MbzxOS.1","action":"SyncServerConnectionManagerRequest", "result":"SYNC_SERVER_OK", "context":{"environment":"Prod_NorthCentralUS_000g", "migrationStage":"NotStarted", "server":"GENERAL01000023"}}
{"logTime": "0626/202046", "correlationVector":"4tpmYSqSsnW6CBW+MbzxOS.2","action":"GetUpdates Response", "result":"Success", "context":Received 0 update(s). cV=4tpmYSqSsnW6CBW+MbzxOS.0;server=GENERAL01000023;cloudType=Consumer;environment=Prod_NorthCentralUS_000g;migrationStage=NotStarted}
{"logTime": "0626/211325", "correlationVector":"mTAHWVpc0iv9GYS+cFdjEF","action":"Normal GetUpdate request", "result":"", "context":cV=mTAHWVpc0iv9GYS+cFdjEF
Refresh requested types: Device Info, User Consents, Send Tab To Self, Encryption Keys}
{"logTime": "0626/211325", "correlationVector":"mTAHWVpc0iv9GYS+cFdjEF.1","action":"SyncServerConnectionManagerRequest", "result":"SYNC_SERVER_OK", "context":{"environment":"Prod_CentralUS_000t", "migrationStage":"NotStarted", "server":"GENERAL1200000K"}}
{"logTime": "0626/211325", "correlationVector":"mTAHWVpc0iv9GYS+cFdjEF.2","action":"GetUpdates Response", "result":"Success", "context":Received 0 update(s). cV=mTAHWVpc0iv9GYS+cFdjEF.0;server=GENERAL1200000K;cloudType=Consumer;environment=Prod_CentralUS_000t;migrationStage=NotStarted}
{"logTime": "0627/143927", "correlationVector":"ALNla6yIMGudbH+ko1SQMD.1","action":"SyncServerConnectionManagerRequest", "result":"SYNC_SERVER_OK", "context":{"environment":"Prod_CentralUS_000t", "migrationStage":"NotStarted", "server":"GENERAL1100000L"}}
{"logTime": "0627/143927", "correlationVector":"/aZIoyjlQr/cZ+jA0Vx4/O","action":"SyncServerConnectionManagerRequest", "result":"SYNC_SERVER_OK", "context":{"environment":"", "migrationStage":"", "server":""}}
{"logTime": "0627/143927", "correlationVector":"ALNla6yIMGudbH+ko1SQMD","action":"Initial GetUpdates", "result":"", "context":Reason: NEW_CLIENT. cV=ALNla6yIMGudbH+ko1SQMD}
{"logTime": "0627/143927", "correlationVector":"ALNla6yIMGudbH+ko1SQMD.2","action":"GetUpdates Response", "result":"Success", "context":Received 1 update(s). cV=ALNla6yIMGudbH+ko1SQMD.0;server=GENERAL1100000L;cloudType=Consumer;environment=Prod_CentralUS_000t;migrationStage=NotStarted}
{"logTime": "0627/143927", "correlationVector":"riLNqiYwsLknIwBq2+KDcP","action":"Normal GetUpdate request", "result":"", "context":cV=riLNqiYwsLknIwBq2+KDcP
Nudged types: Device Info
Refresh requested types: Device Info, User Consents, Send Tab To Self, Encryption Keys}
{"logTime": "0627/143927", "correlationVector":"riLNqiYwsLknIwBq2+KDcP.1","action":"SyncServerConnectionManagerRequest", "result":"SYNC_SERVER_OK", "context":{"environment":"Prod_NorthCentralUS_000g", "migrationStage":"NotStarted", "server":"GENERAL0100000M"}}
{"logTime": "0627/143927", "correlationVector":"riLNqiYwsLknIwBq2+KDcP.2","action":"GetUpdates Response", "result":"Success", "context":Received 0 update(s). cV=riLNqiYwsLknIwBq2+KDcP.0;server=GENERAL0100000M;cloudType=Consumer;environment=Prod_NorthCentralUS_000g;migrationStage=NotStarted}
{"logTime": "0627/143927", "correlationVector":"qXokFNdOtcr8XV9pUUSDWK","action":"Commit Request", "result":"", "context":Item count: 1
Contributing types: Device Info}
{"logTime": "0627/143928", "correlationVector":"qXokFNdOtcr8XV9pUUSDWK.1","action":"SyncServerConnectionManagerRequest", "result":"SYNC_SERVER_OK", "context":{"environment":"Prod_NorthCentralUS_000g", "migrationStage":"NotStarted", "server":"GENERAL0100000E"}}
{"logTime": "0627/143928", "correlationVector":"qXokFNdOtcr8XV9pUUSDWK.2","action":"Commit Response", "result":"Success", "context":Result: Success. cV=qXokFNdOtcr8XV9pUUSDWK.0;server=GENERAL0100000E;cloudType=Consumer;environment=Prod_NorthCentralUS_000g;migrationStage=NotStarted}
{"logTime": "0627/143928", "correlationVector":"XWgEQDOgUHM2OnRohEr0LX","action":"Normal GetUpdate request", "result":"", "context":cV=XWgEQDOgUHM2OnRohEr0LX
Nudged types: Device Info}
{"logTime": "0627/143928", "correlationVector":"XWgEQDOgUHM2OnRohEr0LX.1","action":"SyncServerConnectionManagerRequest", "result":"SYNC_SERVER_OK", "context":{"environment":"Prod_NorthCentralUS_000g", "migrationStage":"NotStarted", "server":"GENERAL0100000B"}}
{"logTime": "0627/143928", "correlationVector":"XWgEQDOgUHM2OnRohEr0LX.2","action":"GetUpdates Response", "result":"Success", "context":Received 1 update(s). cV=XWgEQDOgUHM2OnRohEr0LX.0;server=GENERAL0100000B;cloudType=Consumer;environment=Prod_NorthCentralUS_000g;migrationStage=NotStarted}
{"logTime": "0627/143928", "correlationVector":"yHyTVjxHVLMDYVYUp5jaaW","action":"Poll GetUpdate request", "result":"", "context":cV=yHyTVjxHVLMDYVYUp5jaaW}
{"logTime": "0627/143928", "correlationVector":"yHyTVjxHVLMDYVYUp5jaaW.1","action":"SyncServerConnectionManagerRequest", "result":"SYNC_SERVER_OK", "context":{"environment":"Prod_NorthCentralUS_000g", "migrationStage":"NotStarted", "server":"GENERAL01000015"}}
{"logTime": "0627/143928", "correlationVector":"yHyTVjxHVLMDYVYUp5jaaW.2","action":"GetUpdates Response", "result":"Success", "context":Received 0 update(s). cV=yHyTVjxHVLMDYVYUp5jaaW.0;server=GENERAL01000015;cloudType=Consumer;environment=Prod_NorthCentralUS_000g;migrationStage=NotStarted}
{"logTime": "0627/144427", "correlationVector":"GqVwmOVkG9n6xTWA2FCk9K","action":"Normal GetUpdate request", "result":"", "context":cV=GqVwmOVkG9n6xTWA2FCk9K
Refresh requested types: Device Info, User Consents, Send Tab To Self, Encryption Keys}
{"logTime": "0627/144427", "correlationVector":"GqVwmOVkG9n6xTWA2FCk9K.1","action":"SyncServerConnectionManagerRequest", "result":"SYNC_SERVER_OK", "context":{"environment":"Prod_NorthCentralUS_000g", "migrationStage":"NotStarted", "server":"GENERAL0100001T"}}
{"logTime": "0627/144427", "correlationVector":"GqVwmOVkG9n6xTWA2FCk9K.2","action":"GetUpdates Response", "result":"Success", "context":Received 0 update(s). cV=GqVwmOVkG9n6xTWA2FCk9K.0;server=GENERAL0100001T;cloudType=Consumer;environment=Prod_NorthCentralUS_000g;migrationStage=NotStarted}
