#
# There is insufficient memory for the Java Runtime Environment to continue.
# Native memory allocation (malloc) failed to allocate 819216 bytes for Chunk::new
# Possible reasons:
#   The system is out of physical RAM or swap space
#   The process is running with CompressedOops enabled, and the Java Heap may be blocking the growth of the native heap
# Possible solutions:
#   Reduce memory load on the system
#   Increase physical memory or swap space
#   Check if swap backing store is full
#   Decrease Java heap size (-Xmx/-Xms)
#   Decrease number of Java threads
#   Decrease Java thread stack sizes (-Xss)
#   Set larger code cache with -XX:ReservedCodeCacheSize=
#   JVM is running with Zero Based Compressed Oops mode in which the Java heap is
#     placed in the first 32GB address space. The Java Heap base address is the
#     maximum limit for the native heap growth. Please use -XX:HeapBaseMinAddress
#     to set the Java Heap base and to place the Java Heap above 32GB virtual address.
# This output file may be truncated or incomplete.
#
#  Out of Memory Error (arena.cpp:191), pid=17088, tid=16424
#
# JRE version: OpenJDK Runtime Environment (17.0.10) (build 17.0.10+0--11609105)
# Java VM: OpenJDK 64-Bit Server VM (17.0.10+0--11609105, mixed mode, tiered, compressed oops, compressed class ptrs, g1 gc, windows-amd64)
# No core dump will be written. Minidumps are not enabled by default on client versions of Windows
#

---------------  S U M M A R Y ------------

Command Line: -XX:+HeapDumpOnOutOfMemoryError --add-opens=java.base/java.util=ALL-UNNAMED --add-opens=java.base/java.lang=ALL-UNNAMED --add-opens=java.base/java.lang.invoke=ALL-UNNAMED --add-opens=java.prefs/java.util.prefs=ALL-UNNAMED --add-opens=java.base/java.nio.charset=ALL-UNNAMED --add-opens=java.base/java.net=ALL-UNNAMED --add-opens=java.base/java.util.concurrent.atomic=ALL-UNNAMED -Xmx4G -Dfile.encoding=windows-1252 -Duser.country=US -Duser.language=en -Duser.variant org.gradle.launcher.daemon.bootstrap.GradleDaemon 7.6.3

Host: AMD Ryzen 5 4500U with Radeon Graphics         , 6 cores, 7G,  Windows 11 , 64 bit Build 26100 (10.0.26100.961)
Time: Wed Jun 26 11:52:44 2024 Central Daylight Time elapsed time: 13.722341 seconds (0d 0h 0m 13s)

---------------  T H R E A D  ---------------

Current thread (0x00000283df1789d0):  JavaThread "C2 CompilerThread0" daemon [_thread_in_native, id=16424, stack(0x000000e06c200000,0x000000e06c300000)]


Current CompileTask:
C2:  13722 5661       4       org.gradle.internal.reflect.ClassInspector::inspectClass (179 bytes)

Stack: [0x000000e06c200000,0x000000e06c300000]
Native frames: (J=compiled Java code, j=interpreted, Vv=VM code, C=native code)
V  [jvm.dll+0x688de9]
V  [jvm.dll+0x8423da]
V  [jvm.dll+0x84401e]
V  [jvm.dll+0x844683]
V  [jvm.dll+0x24be0f]
V  [jvm.dll+0xac524]
V  [jvm.dll+0xacb6c]
V  [jvm.dll+0x2b342f]
V  [jvm.dll+0x5902b7]
V  [jvm.dll+0x226452]
V  [jvm.dll+0x21f64e]
V  [jvm.dll+0x21cdb1]
V  [jvm.dll+0x1a60ad]
V  [jvm.dll+0x22cd78]
V  [jvm.dll+0x22aeb0]
V  [jvm.dll+0x7f6877]
V  [jvm.dll+0x7f0c7a]
V  [jvm.dll+0x687c65]
C  [ucrtbase.dll+0x14ea0]
C  [KERNEL32.DLL+0x31ed7]
C  [ntdll.dll+0xda95c]


---------------  P R O C E S S  ---------------

Threads class SMR info:
_java_thread_list=0x00000283e4d4bb10, length=47, elements={
0x00000283be76e000, 0x00000283df14b020, 0x00000283df14d510, 0x00000283df136e40,
0x00000283df137320, 0x00000283df174000, 0x00000283df1784f0, 0x00000283df1789d0,
0x00000283df178ef0, 0x00000283df17bbd0, 0x00000283df336470, 0x00000283df336950,
0x00000283e4cef010, 0x00000283e49290e0, 0x00000283e4cdd060, 0x00000283df833580,
0x00000283e4fa05f0, 0x00000283e5015930, 0x00000283e4b74020, 0x00000283e4b74a40,
0x00000283e4b74530, 0x00000283e4b75e80, 0x00000283e4b75460, 0x00000283e4b73600,
0x00000283e4b73b10, 0x00000283e4b75970, 0x00000283e4b72be0, 0x00000283e4b76390,
0x00000283e4b730f0, 0x00000283e5573970, 0x00000283e5574390, 0x00000283e5573e80,
0x00000283e5576700, 0x00000283e5574db0, 0x00000283e5575ce0, 0x00000283e5572f50,
0x00000283e55761f0, 0x00000283e5576c10, 0x00000283e5573460, 0x00000283e5577b40,
0x00000283e5577120, 0x00000283e5578560, 0x00000283e5578a70, 0x00000283e557a3c0,
0x00000283e557a8d0, 0x00000283e5577630, 0x00000283e5579490
}

Java Threads: ( => current thread )
  0x00000283be76e000 JavaThread "main" [_thread_blocked, id=19988, stack(0x000000e06b500000,0x000000e06b600000)]
  0x00000283df14b020 JavaThread "Reference Handler" daemon [_thread_blocked, id=23940, stack(0x000000e06bc00000,0x000000e06bd00000)]
  0x00000283df14d510 JavaThread "Finalizer" daemon [_thread_blocked, id=16616, stack(0x000000e06bd00000,0x000000e06be00000)]
  0x00000283df136e40 JavaThread "Signal Dispatcher" daemon [_thread_blocked, id=12132, stack(0x000000e06be00000,0x000000e06bf00000)]
  0x00000283df137320 JavaThread "Attach Listener" daemon [_thread_blocked, id=3336, stack(0x000000e06bf00000,0x000000e06c000000)]
  0x00000283df174000 JavaThread "Service Thread" daemon [_thread_blocked, id=14464, stack(0x000000e06c000000,0x000000e06c100000)]
  0x00000283df1784f0 JavaThread "Monitor Deflation Thread" daemon [_thread_blocked, id=18676, stack(0x000000e06c100000,0x000000e06c200000)]
=>0x00000283df1789d0 JavaThread "C2 CompilerThread0" daemon [_thread_in_native, id=16424, stack(0x000000e06c200000,0x000000e06c300000)]
  0x00000283df178ef0 JavaThread "C1 CompilerThread0" daemon [_thread_blocked, id=18008, stack(0x000000e06c300000,0x000000e06c400000)]
  0x00000283df17bbd0 JavaThread "Sweeper thread" daemon [_thread_blocked, id=22608, stack(0x000000e06c400000,0x000000e06c500000)]
  0x00000283df336470 JavaThread "Common-Cleaner" daemon [_thread_blocked, id=17184, stack(0x000000e06c500000,0x000000e06c600000)]
  0x00000283df336950 JavaThread "Notification Thread" daemon [_thread_blocked, id=9420, stack(0x000000e06c600000,0x000000e06c700000)]
  0x00000283e4cef010 JavaThread "Daemon health stats" [_thread_blocked, id=20484, stack(0x000000e06cc00000,0x000000e06cd00000)]
  0x00000283e49290e0 JavaThread "Incoming local TCP Connector on port 59844" [_thread_in_native, id=3648, stack(0x000000e06cd00000,0x000000e06ce00000)]
  0x00000283e4cdd060 JavaThread "Daemon periodic checks" [_thread_blocked, id=18988, stack(0x000000e06ce00000,0x000000e06cf00000)]
  0x00000283df833580 JavaThread "Daemon" [_thread_blocked, id=22008, stack(0x000000e06cf00000,0x000000e06d000000)]
  0x00000283e4fa05f0 JavaThread "Handler for socket connection from /127.0.0.1:59844 to /127.0.0.1:59845" [_thread_in_native, id=14564, stack(0x000000e06d000000,0x000000e06d100000)]
  0x00000283e5015930 JavaThread "Cancel handler" [_thread_blocked, id=11064, stack(0x000000e06d100000,0x000000e06d200000)]
  0x00000283e4b74020 JavaThread "Daemon worker" [_thread_blocked, id=24480, stack(0x000000e06d200000,0x000000e06d300000)]
  0x00000283e4b74a40 JavaThread "Asynchronous log dispatcher for DefaultDaemonConnection: socket connection from /127.0.0.1:59844 to /127.0.0.1:59845" [_thread_blocked, id=19772, stack(0x000000e06d300000,0x000000e06d400000)]
  0x00000283e4b74530 JavaThread "Stdin handler" [_thread_blocked, id=3224, stack(0x000000e06d400000,0x000000e06d500000)]
  0x00000283e4b75e80 JavaThread "Daemon client event forwarder" [_thread_blocked, id=2152, stack(0x000000e06d500000,0x000000e06d600000)]
  0x00000283e4b75460 JavaThread "Cache worker for journal cache (C:\Users\Zach\.gradle\caches\journal-1)" [_thread_blocked, id=7440, stack(0x000000e06d600000,0x000000e06d700000)]
  0x00000283e4b73600 JavaThread "File lock request listener" [_thread_in_native, id=14776, stack(0x000000e06d800000,0x000000e06d900000)]
  0x00000283e4b73b10 JavaThread "Cache worker for file hash cache (C:\Users\Zach\.gradle\caches\7.6.3\fileHashes)" [_thread_blocked, id=5100, stack(0x000000e06da00000,0x000000e06db00000)]
  0x00000283e4b75970 JavaThread "File watcher server" daemon [_thread_in_native, id=5748, stack(0x000000e06db00000,0x000000e06dc00000)]
  0x00000283e4b72be0 JavaThread "File watcher consumer" daemon [_thread_blocked, id=9832, stack(0x000000e06dc00000,0x000000e06dd00000)]
  0x00000283e4b76390 JavaThread "Cache worker for checksums cache (Q:\Source\mycalc_app\android\.gradle\7.6.3\checksums)" [_thread_blocked, id=17364, stack(0x000000e06dd00000,0x000000e06de00000)]
  0x00000283e4b730f0 JavaThread "Cache worker for cache directory md-rule (C:\Users\Zach\.gradle\caches\7.6.3\md-rule)" [_thread_blocked, id=22492, stack(0x000000e06de00000,0x000000e06df00000)]
  0x00000283e5573970 JavaThread "Cache worker for file content cache (C:\Users\Zach\.gradle\caches\7.6.3\fileContent)" [_thread_blocked, id=18092, stack(0x000000e06df00000,0x000000e06e000000)]
  0x00000283e5574390 JavaThread "Cache worker for file hash cache (Q:\Source\mycalc_app\android\.gradle\7.6.3\fileHashes)" [_thread_blocked, id=23860, stack(0x000000e06e000000,0x000000e06e100000)]
  0x00000283e5573e80 JavaThread "Cache worker for cache directory md-supplier (C:\Users\Zach\.gradle\caches\7.6.3\md-supplier)" [_thread_blocked, id=7556, stack(0x000000e06e100000,0x000000e06e200000)]
  0x00000283e5576700 JavaThread "Cache worker for execution history cache (C:\Users\Zach\.gradle\caches\7.6.3\executionHistory)" [_thread_blocked, id=18504, stack(0x000000e06e200000,0x000000e06e300000)]
  0x00000283e5574db0 JavaThread "jar transforms" [_thread_blocked, id=3492, stack(0x000000e06e300000,0x000000e06e400000)]
  0x00000283e5575ce0 JavaThread "Cache worker for kotlin-dsl (C:\Users\Zach\.gradle\caches\7.6.3\kotlin-dsl)" [_thread_blocked, id=24012, stack(0x000000e06e400000,0x000000e06e500000)]
  0x00000283e5572f50 JavaThread "jar transforms Thread 2" [_thread_blocked, id=14592, stack(0x000000e06e500000,0x000000e06e600000)]
  0x00000283e55761f0 JavaThread "Cache worker for dependencies-accessors (Q:\Source\mycalc_app\android\.gradle\7.6.3\dependencies-accessors)" [_thread_blocked, id=16436, stack(0x000000e06e600000,0x000000e06e700000)]
  0x00000283e5576c10 JavaThread "Cache worker for Build Output Cleanup Cache (C:\Users\Zach\fluttersdk\flutter\packages\flutter_tools\gradle\.gradle\buildOutputCleanup)" [_thread_blocked, id=18184, stack(0x000000e06e700000,0x000000e06e800000)]
  0x00000283e5573460 JavaThread "jar transforms Thread 3" [_thread_blocked, id=19344, stack(0x000000e06e800000,0x000000e06e900000)]
  0x00000283e5577b40 JavaThread "Memory manager" [_thread_blocked, id=7724, stack(0x000000e06e900000,0x000000e06ea00000)]
  0x00000283e5577120 JavaThread "jar transforms Thread 4" [_thread_blocked, id=18864, stack(0x000000e06eb00000,0x000000e06ec00000)]
  0x00000283e5578560 JavaThread "included builds" [_thread_in_vm, id=10976, stack(0x000000e06ea00000,0x000000e06eb00000)]
  0x00000283e5578a70 JavaThread "Execution worker" [_thread_blocked, id=17880, stack(0x000000e06ec00000,0x000000e06ed00000)]
  0x00000283e557a3c0 JavaThread "Execution worker Thread 2" [_thread_blocked, id=18236, stack(0x000000e06ed00000,0x000000e06ee00000)]
  0x00000283e557a8d0 JavaThread "Execution worker Thread 3" [_thread_blocked, id=18548, stack(0x000000e06ee00000,0x000000e06ef00000)]
  0x00000283e5577630 JavaThread "Execution worker Thread 4" [_thread_blocked, id=14144, stack(0x000000e06ef00000,0x000000e06f000000)]
  0x00000283e5579490 JavaThread "Execution worker Thread 5" [_thread_blocked, id=22428, stack(0x000000e06f000000,0x000000e06f100000)]

Other Threads:
  0x00000283def95910 VMThread "VM Thread" [stack: 0x000000e06bb00000,0x000000e06bc00000] [id=3536]
  0x00000283df32c160 WatcherThread [stack: 0x000000e06c700000,0x000000e06c800000] [id=21912]
  0x00000283c0a0d3a0 GCTaskThread "GC Thread#0" [stack: 0x000000e06b600000,0x000000e06b700000] [id=8320]
  0x00000283df972770 GCTaskThread "GC Thread#1" [stack: 0x000000e06c800000,0x000000e06c900000] [id=3308]
  0x00000283df4f3390 GCTaskThread "GC Thread#2" [stack: 0x000000e06c900000,0x000000e06ca00000] [id=21880]
  0x00000283df6ba410 GCTaskThread "GC Thread#3" [stack: 0x000000e06ca00000,0x000000e06cb00000] [id=16760]
  0x00000283e43a7030 GCTaskThread "GC Thread#4" [stack: 0x000000e06cb00000,0x000000e06cc00000] [id=15624]
  0x00000283e4cd5c40 GCTaskThread "GC Thread#5" [stack: 0x000000e06d700000,0x000000e06d800000] [id=8872]
  0x00000283c0a1e360 ConcurrentGCThread "G1 Main Marker" [stack: 0x000000e06b700000,0x000000e06b800000] [id=2688]
  0x00000283c0a206b0 ConcurrentGCThread "G1 Conc#0" [stack: 0x000000e06b800000,0x000000e06b900000] [id=15088]
  0x00000283e4f26050 ConcurrentGCThread "G1 Conc#1" [stack: 0x000000e06d900000,0x000000e06da00000] [id=17756]
  0x00000283c0a4e560 ConcurrentGCThread "G1 Refine#0" [stack: 0x000000e06b900000,0x000000e06ba00000] [id=2716]
  0x00000283c0a4e950 ConcurrentGCThread "G1 Service" [stack: 0x000000e06ba00000,0x000000e06bb00000] [id=19260]

Threads with active compile tasks:
C2 CompilerThread0    13755 5661       4       org.gradle.internal.reflect.ClassInspector::inspectClass (179 bytes)

VM state: not at safepoint (normal execution)

VM Mutex/Monitor currently owned by a thread: None

Heap address: 0x0000000700000000, size: 4096 MB, Compressed Oops mode: Zero based, Oop shift amount: 3

CDS archive(s) not mapped
Compressed class space mapped at: 0x0000000800000000-0x0000000840000000, reserved size: 1073741824
Narrow klass base: 0x0000000800000000, Narrow klass shift: 0, Narrow klass range: 0x40000000

GC Precious Log:
 CPUs: 6 total, 6 available
 Memory: 7581M
 Large Page Support: Disabled
 NUMA Support: Disabled
 Compressed Oops: Enabled (Zero based)
 Heap Region Size: 2M
 Heap Min Capacity: 8M
 Heap Initial Capacity: 120M
 Heap Max Capacity: 4G
 Pre-touch: Disabled
 Parallel Workers: 6
 Concurrent Workers: 2
 Concurrent Refinement Workers: 6
 Periodic GC: Disabled

Heap:
 garbage-first heap   total 94208K, used 73283K [0x0000000700000000, 0x0000000800000000)
  region size 2048K, 20 young (40960K), 1 survivors (2048K)
 Metaspace       used 63832K, committed 64384K, reserved 1114112K
  class space    used 8763K, committed 9024K, reserved 1048576K

Heap Regions: E=young(eden), S=young(survivor), O=old, HS=humongous(starts), HC=humongous(continues), CS=collection set, F=free, OA=open archive, CA=closed archive, TAMS=top-at-mark-start (previous, next)
|   0|0x0000000700000000, 0x0000000700200000, 0x0000000700200000|100%|HS|  |TAMS 0x0000000700200000, 0x0000000700000000| Complete 
|   1|0x0000000700200000, 0x0000000700400000, 0x0000000700400000|100%|HC|  |TAMS 0x0000000700400000, 0x0000000700200000| Complete 
|   2|0x0000000700400000, 0x0000000700600000, 0x0000000700600000|100%| O|  |TAMS 0x0000000700600000, 0x0000000700400000| Untracked 
|   3|0x0000000700600000, 0x0000000700800000, 0x0000000700800000|100%| O|  |TAMS 0x0000000700800000, 0x0000000700600000| Untracked 
|   4|0x0000000700800000, 0x0000000700a00000, 0x0000000700a00000|100%| O|  |TAMS 0x0000000700a00000, 0x0000000700800000| Untracked 
|   5|0x0000000700a00000, 0x0000000700c00000, 0x0000000700c00000|100%| O|  |TAMS 0x0000000700c00000, 0x0000000700a00000| Untracked 
|   6|0x0000000700c00000, 0x0000000700e00000, 0x0000000700e00000|100%| O|  |TAMS 0x0000000700e00000, 0x0000000700c00000| Untracked 
|   7|0x0000000700e00000, 0x0000000701000000, 0x0000000701000000|100%| O|  |TAMS 0x0000000701000000, 0x0000000700e00000| Untracked 
|   8|0x0000000701000000, 0x0000000701200000, 0x0000000701200000|100%| O|  |TAMS 0x0000000701200000, 0x0000000701000000| Untracked 
|   9|0x0000000701200000, 0x0000000701400000, 0x0000000701400000|100%| O|  |TAMS 0x0000000701400000, 0x0000000701200000| Untracked 
|  10|0x0000000701400000, 0x0000000701600000, 0x0000000701600000|100%| O|  |TAMS 0x0000000701600000, 0x0000000701400000| Untracked 
|  11|0x0000000701600000, 0x0000000701800000, 0x0000000701800000|100%| O|  |TAMS 0x0000000701800000, 0x0000000701600000| Untracked 
|  12|0x0000000701800000, 0x0000000701a00000, 0x0000000701a00000|100%| O|  |TAMS 0x0000000701a00000, 0x0000000701800000| Untracked 
|  13|0x0000000701a00000, 0x0000000701c00000, 0x0000000701c00000|100%| O|  |TAMS 0x0000000701c00000, 0x0000000701a00000| Untracked 
|  14|0x0000000701c00000, 0x0000000701e00000, 0x0000000701e00000|100%| O|  |TAMS 0x0000000701e00000, 0x0000000701c00000| Untracked 
|  15|0x0000000701e00000, 0x0000000702000000, 0x0000000702000000|100%| O|  |TAMS 0x0000000701fbf000, 0x0000000701e00000| Untracked 
|  16|0x0000000702000000, 0x00000007021a9400, 0x0000000702200000| 83%| O|  |TAMS 0x0000000702000000, 0x0000000702000000| Untracked 
|  17|0x0000000702200000, 0x0000000702200000, 0x0000000702400000|  0%| F|  |TAMS 0x0000000702200000, 0x0000000702200000| Untracked 
|  18|0x0000000702400000, 0x0000000702400000, 0x0000000702600000|  0%| F|  |TAMS 0x0000000702400000, 0x0000000702400000| Untracked 
|  19|0x0000000702600000, 0x0000000702600000, 0x0000000702800000|  0%| F|  |TAMS 0x0000000702600000, 0x0000000702600000| Untracked 
|  20|0x0000000702800000, 0x0000000702800000, 0x0000000702a00000|  0%| F|  |TAMS 0x0000000702800000, 0x0000000702800000| Untracked 
|  21|0x0000000702a00000, 0x0000000702a00000, 0x0000000702c00000|  0%| F|  |TAMS 0x0000000702a00000, 0x0000000702a00000| Untracked 
|  22|0x0000000702c00000, 0x0000000702c00000, 0x0000000702e00000|  0%| F|  |TAMS 0x0000000702c00000, 0x0000000702c00000| Untracked 
|  23|0x0000000702e00000, 0x0000000702e00000, 0x0000000703000000|  0%| F|  |TAMS 0x0000000702e00000, 0x0000000702e00000| Untracked 
|  24|0x0000000703000000, 0x0000000703000000, 0x0000000703200000|  0%| F|  |TAMS 0x0000000703000000, 0x0000000703000000| Untracked 
|  25|0x0000000703200000, 0x0000000703200000, 0x0000000703400000|  0%| F|  |TAMS 0x0000000703200000, 0x0000000703200000| Untracked 
|  26|0x0000000703400000, 0x00000007034e7d10, 0x0000000703600000| 45%| E|  |TAMS 0x0000000703400000, 0x0000000703400000| Complete 
|  27|0x0000000703600000, 0x0000000703800000, 0x0000000703800000|100%| E|CS|TAMS 0x0000000703600000, 0x0000000703600000| Complete 
|  28|0x0000000703800000, 0x0000000703a00000, 0x0000000703a00000|100%| E|CS|TAMS 0x0000000703800000, 0x0000000703800000| Complete 
|  29|0x0000000703a00000, 0x0000000703c00000, 0x0000000703c00000|100%| E|CS|TAMS 0x0000000703a00000, 0x0000000703a00000| Complete 
|  30|0x0000000703c00000, 0x0000000703e00000, 0x0000000703e00000|100%| E|CS|TAMS 0x0000000703c00000, 0x0000000703c00000| Complete 
|  31|0x0000000703e00000, 0x0000000704000000, 0x0000000704000000|100%| E|CS|TAMS 0x0000000703e00000, 0x0000000703e00000| Complete 
|  32|0x0000000704000000, 0x0000000704200000, 0x0000000704200000|100%| E|CS|TAMS 0x0000000704000000, 0x0000000704000000| Complete 
|  33|0x0000000704200000, 0x0000000704400000, 0x0000000704400000|100%| E|CS|TAMS 0x0000000704200000, 0x0000000704200000| Complete 
|  34|0x0000000704400000, 0x0000000704600000, 0x0000000704600000|100%| E|CS|TAMS 0x0000000704400000, 0x0000000704400000| Complete 
|  35|0x0000000704600000, 0x0000000704800000, 0x0000000704800000|100%| E|CS|TAMS 0x0000000704600000, 0x0000000704600000| Complete 
|  36|0x0000000704800000, 0x0000000704a00000, 0x0000000704a00000|100%| E|CS|TAMS 0x0000000704800000, 0x0000000704800000| Complete 
|  37|0x0000000704a00000, 0x0000000704c00000, 0x0000000704c00000|100%| E|CS|TAMS 0x0000000704a00000, 0x0000000704a00000| Complete 
|  38|0x0000000704c00000, 0x0000000704e00000, 0x0000000704e00000|100%| E|CS|TAMS 0x0000000704c00000, 0x0000000704c00000| Complete 
|  39|0x0000000704e00000, 0x0000000705000000, 0x0000000705000000|100%| E|CS|TAMS 0x0000000704e00000, 0x0000000704e00000| Complete 
|  40|0x0000000705000000, 0x0000000705200000, 0x0000000705200000|100%| E|CS|TAMS 0x0000000705000000, 0x0000000705000000| Complete 
|  41|0x0000000705200000, 0x0000000705400000, 0x0000000705400000|100%| E|CS|TAMS 0x0000000705200000, 0x0000000705200000| Complete 
|  42|0x0000000705400000, 0x0000000705600000, 0x0000000705600000|100%| E|CS|TAMS 0x0000000705400000, 0x0000000705400000| Complete 
|  43|0x0000000705600000, 0x0000000705800000, 0x0000000705800000|100%| E|CS|TAMS 0x0000000705600000, 0x0000000705600000| Complete 
|  54|0x0000000706c00000, 0x0000000706de7968, 0x0000000706e00000| 95%| S|CS|TAMS 0x0000000706c00000, 0x0000000706c00000| Complete 
|  59|0x0000000707600000, 0x0000000707800000, 0x0000000707800000|100%| E|CS|TAMS 0x0000000707600000, 0x0000000707600000| Complete 

Card table byte_map: [0x00000283d3780000,0x00000283d3f80000] _byte_map_base: 0x00000283cff80000

Marking Bits (Prev, Next): (CMBitMap*) 0x00000283c0a0d910, (CMBitMap*) 0x00000283c0a0d8d0
 Prev Bits: [0x00000283d8780000, 0x00000283dc780000)
 Next Bits: [0x00000283d4780000, 0x00000283d8780000)

Polling page: 0x00000283be8b0000

Metaspace:

Usage:
  Non-class:     53.79 MB used.
      Class:      8.56 MB used.
       Both:     62.35 MB used.

Virtual space:
  Non-class space:       64.00 MB reserved,      54.06 MB ( 84%) committed,  1 nodes.
      Class space:        1.00 GB reserved,       8.81 MB ( <1%) committed,  1 nodes.
             Both:        1.06 GB reserved,      62.88 MB (  6%) committed. 

Chunk freelists:
   Non-Class:  9.59 MB
       Class:  7.22 MB
        Both:  16.81 MB

MaxMetaspaceSize: unlimited
CompressedClassSpaceSize: 1.00 GB
Initial GC threshold: 21.00 MB
Current GC threshold: 98.75 MB
CDS: off
MetaspaceReclaimPolicy: balanced
 - commit_granule_bytes: 65536.
 - commit_granule_words: 8192.
 - virtual_space_node_default_size: 8388608.
 - enlarge_chunks_in_place: 1.
 - new_chunks_are_fully_committed: 0.
 - uncommit_free_chunks: 1.
 - use_allocation_guard: 0.
 - handle_deallocations: 1.


Internal statistics:

num_allocs_failed_limit: 9.
num_arena_births: 634.
num_arena_deaths: 0.
num_vsnodes_births: 2.
num_vsnodes_deaths: 0.
num_space_committed: 1006.
num_space_uncommitted: 0.
num_chunks_returned_to_freelist: 9.
num_chunks_taken_from_freelist: 2739.
num_chunk_merges: 6.
num_chunk_splits: 1836.
num_chunks_enlarged: 1310.
num_inconsistent_stats: 0.

CodeHeap 'non-profiled nmethods': size=120000Kb used=2251Kb max_used=2934Kb free=117749Kb
 bounds [0x00000283cb940000, 0x00000283cbc20000, 0x00000283d2e70000]
CodeHeap 'profiled nmethods': size=120000Kb used=9492Kb max_used=11360Kb free=110507Kb
 bounds [0x00000283c3e70000, 0x00000283c4990000, 0x00000283cb3a0000]
CodeHeap 'non-nmethods': size=5760Kb used=2350Kb max_used=2394Kb free=3409Kb
 bounds [0x00000283cb3a0000, 0x00000283cb610000, 0x00000283cb940000]
 total_blobs=5801 nmethods=4928 adapters=785
 compilation: enabled
              stopped_count=0, restarted_count=0
 full_count=0

Compilation events (20 events):
Event: 13.675 Thread 0x00000283df178ef0 5754       1       org.gradle.internal.graph.CachingDirectedGraphWalker$NodeDetails::access$000 (5 bytes)
Event: 13.675 Thread 0x00000283df178ef0 nmethod 5754 0x00000283cb9e1310 code [0x00000283cb9e14a0, 0x00000283cb9e1558]
Event: 13.675 Thread 0x00000283df178ef0 5755       1       org.gradle.internal.graph.CachingDirectedGraphWalker$NodeDetails::access$100 (5 bytes)
Event: 13.675 Thread 0x00000283df178ef0 nmethod 5755 0x00000283cb9e1010 code [0x00000283cb9e11a0, 0x00000283cb9e1258]
Event: 13.676 Thread 0x00000283df178ef0 5756       3       org.gradle.api.internal.tasks.properties.DefaultTypeMetadataStore::determinePropertyType (48 bytes)
Event: 13.676 Thread 0x00000283df178ef0 nmethod 5756 0x00000283c430f490 code [0x00000283c430f6a0, 0x00000283c430fde8]
Event: 13.676 Thread 0x00000283df178ef0 5757       3       org.gradle.api.internal.tasks.properties.DefaultTypeMetadataStore$DefaultPropertyMetadata::<init> (15 bytes)
Event: 13.676 Thread 0x00000283df178ef0 nmethod 5757 0x00000283c4476990 code [0x00000283c4476b40, 0x00000283c4476d78]
Event: 13.676 Thread 0x00000283df178ef0 5758       3       com.google.common.collect.SingletonImmutableList::iterator (8 bytes)
Event: 13.676 Thread 0x00000283df178ef0 nmethod 5758 0x00000283c40d4e10 code [0x00000283c40d4fc0, 0x00000283c40d5318]
Event: 13.676 Thread 0x00000283df178ef0 5759       1       org.gradle.internal.graph.CachingDirectedGraphWalker$NodeDetails::access$600 (5 bytes)
Event: 13.676 Thread 0x00000283df178ef0 nmethod 5759 0x00000283cb9e0d10 code [0x00000283cb9e0ea0, 0x00000283cb9e0f58]
Event: 13.683 Thread 0x00000283df178ef0 5761       1       org.gradle.api.internal.tasks.properties.DefaultTypeMetadataStore$DefaultPropertyMetadata::getPropertyType (5 bytes)
Event: 13.684 Thread 0x00000283df178ef0 nmethod 5761 0x00000283cbad2590 code [0x00000283cbad2720, 0x00000283cbad27f8]
Event: 13.684 Thread 0x00000283df178ef0 5762       3       org.gradle.api.internal.tasks.properties.DefaultTypeMetadataStore$DefaultPropertyMetadata::isAnnotationPresent (11 bytes)
Event: 13.684 Thread 0x00000283df178ef0 nmethod 5762 0x00000283c4658910 code [0x00000283c4658ac0, 0x00000283c4658d48]
Event: 13.684 Thread 0x00000283df178ef0 5763       3       org.gradle.internal.reflect.annotations.impl.DefaultPropertyAnnotationMetadata::isAnnotationPresent (9 bytes)
Event: 13.684 Thread 0x00000283df178ef0 nmethod 5763 0x00000283c449fc10 code [0x00000283c449fdc0, 0x00000283c449ffa8]
Event: 13.684 Thread 0x00000283df178ef0 5764       3       org.gradle.api.internal.tasks.properties.DefaultTypeMetadataStore$DefaultPropertyMetadata::getGetterMethod (10 bytes)
Event: 13.684 Thread 0x00000283df178ef0 nmethod 5764 0x00000283c4526710 code [0x00000283c45268a0, 0x00000283c4526a18]

GC Heap History (20 events):
Event: 7.161 GC heap before
{Heap before GC invocations=6 (full 0):
 garbage-first heap   total 75776K, used 22809K [0x0000000700000000, 0x0000000800000000)
  region size 2048K, 3 young (6144K), 2 survivors (4096K)
 Metaspace       used 28423K, committed 28736K, reserved 1114112K
  class space    used 3783K, committed 3904K, reserved 1048576K
}
Event: 7.164 GC heap after
{Heap after GC invocations=7 (full 0):
 garbage-first heap   total 75776K, used 20752K [0x0000000700000000, 0x0000000800000000)
  region size 2048K, 1 young (2048K), 1 survivors (2048K)
 Metaspace       used 28423K, committed 28736K, reserved 1114112K
  class space    used 3783K, committed 3904K, reserved 1048576K
}
Event: 7.909 GC heap before
{Heap before GC invocations=7 (full 0):
 garbage-first heap   total 75776K, used 51472K [0x0000000700000000, 0x0000000800000000)
  region size 2048K, 16 young (32768K), 1 survivors (2048K)
 Metaspace       used 32578K, committed 32896K, reserved 1114112K
  class space    used 4466K, committed 4608K, reserved 1048576K
}
Event: 7.911 GC heap after
{Heap after GC invocations=8 (full 0):
 garbage-first heap   total 75776K, used 21840K [0x0000000700000000, 0x0000000800000000)
  region size 2048K, 1 young (2048K), 1 survivors (2048K)
 Metaspace       used 32578K, committed 32896K, reserved 1114112K
  class space    used 4466K, committed 4608K, reserved 1048576K
}
Event: 8.119 GC heap before
{Heap before GC invocations=8 (full 0):
 garbage-first heap   total 75776K, used 32080K [0x0000000700000000, 0x0000000800000000)
  region size 2048K, 7 young (14336K), 1 survivors (2048K)
 Metaspace       used 35742K, committed 35968K, reserved 1114112K
  class space    used 4760K, committed 4864K, reserved 1048576K
}
Event: 8.123 GC heap after
{Heap after GC invocations=9 (full 0):
 garbage-first heap   total 75776K, used 23422K [0x0000000700000000, 0x0000000800000000)
  region size 2048K, 2 young (4096K), 2 survivors (4096K)
 Metaspace       used 35742K, committed 35968K, reserved 1114112K
  class space    used 4760K, committed 4864K, reserved 1048576K
}
Event: 8.531 GC heap before
{Heap before GC invocations=10 (full 0):
 garbage-first heap   total 75776K, used 54142K [0x0000000700000000, 0x0000000800000000)
  region size 2048K, 17 young (34816K), 2 survivors (4096K)
 Metaspace       used 40188K, committed 40512K, reserved 1114112K
  class space    used 5295K, committed 5440K, reserved 1048576K
}
Event: 8.536 GC heap after
{Heap after GC invocations=11 (full 0):
 garbage-first heap   total 75776K, used 27096K [0x0000000700000000, 0x0000000800000000)
  region size 2048K, 3 young (6144K), 3 survivors (6144K)
 Metaspace       used 40188K, committed 40512K, reserved 1114112K
  class space    used 5295K, committed 5440K, reserved 1048576K
}
Event: 8.878 GC heap before
{Heap before GC invocations=11 (full 0):
 garbage-first heap   total 75776K, used 55768K [0x0000000700000000, 0x0000000800000000)
  region size 2048K, 17 young (34816K), 3 survivors (6144K)
 Metaspace       used 42271K, committed 42624K, reserved 1114112K
  class space    used 5495K, committed 5632K, reserved 1048576K
}
Event: 8.882 GC heap after
{Heap after GC invocations=12 (full 0):
 garbage-first heap   total 75776K, used 29315K [0x0000000700000000, 0x0000000800000000)
  region size 2048K, 3 young (6144K), 3 survivors (6144K)
 Metaspace       used 42271K, committed 42624K, reserved 1114112K
  class space    used 5495K, committed 5632K, reserved 1048576K
}
Event: 9.246 GC heap before
{Heap before GC invocations=12 (full 0):
 garbage-first heap   total 75776K, used 57987K [0x0000000700000000, 0x0000000800000000)
  region size 2048K, 17 young (34816K), 3 survivors (6144K)
 Metaspace       used 44847K, committed 45312K, reserved 1114112K
  class space    used 5812K, committed 6016K, reserved 1048576K
}
Event: 9.249 GC heap after
{Heap after GC invocations=13 (full 0):
 garbage-first heap   total 94208K, used 30705K [0x0000000700000000, 0x0000000800000000)
  region size 2048K, 2 young (4096K), 2 survivors (4096K)
 Metaspace       used 44847K, committed 45312K, reserved 1114112K
  class space    used 5812K, committed 6016K, reserved 1048576K
}
Event: 9.945 GC heap before
{Heap before GC invocations=13 (full 0):
 garbage-first heap   total 94208K, used 69617K [0x0000000700000000, 0x0000000800000000)
  region size 2048K, 21 young (43008K), 2 survivors (4096K)
 Metaspace       used 49487K, committed 49920K, reserved 1114112K
  class space    used 6616K, committed 6848K, reserved 1048576K
}
Event: 9.949 GC heap after
{Heap after GC invocations=14 (full 0):
 garbage-first heap   total 94208K, used 32381K [0x0000000700000000, 0x0000000800000000)
  region size 2048K, 2 young (4096K), 2 survivors (4096K)
 Metaspace       used 49487K, committed 49920K, reserved 1114112K
  class space    used 6616K, committed 6848K, reserved 1048576K
}
Event: 11.610 GC heap before
{Heap before GC invocations=14 (full 0):
 garbage-first heap   total 94208K, used 71293K [0x0000000700000000, 0x0000000800000000)
  region size 2048K, 21 young (43008K), 2 survivors (4096K)
 Metaspace       used 55245K, committed 55744K, reserved 1114112K
  class space    used 7456K, committed 7680K, reserved 1048576K
}
Event: 11.615 GC heap after
{Heap after GC invocations=15 (full 0):
 garbage-first heap   total 94208K, used 34326K [0x0000000700000000, 0x0000000800000000)
  region size 2048K, 2 young (4096K), 2 survivors (4096K)
 Metaspace       used 55245K, committed 55744K, reserved 1114112K
  class space    used 7456K, committed 7680K, reserved 1048576K
}
Event: 12.992 GC heap before
{Heap before GC invocations=15 (full 0):
 garbage-first heap   total 94208K, used 73238K [0x0000000700000000, 0x0000000800000000)
  region size 2048K, 21 young (43008K), 2 survivors (4096K)
 Metaspace       used 59909K, committed 60416K, reserved 1114112K
  class space    used 8091K, committed 8320K, reserved 1048576K
}
Event: 12.996 GC heap after
{Heap after GC invocations=16 (full 0):
 garbage-first heap   total 94208K, used 36364K [0x0000000700000000, 0x0000000800000000)
  region size 2048K, 2 young (4096K), 2 survivors (4096K)
 Metaspace       used 59909K, committed 60416K, reserved 1114112K
  class space    used 8091K, committed 8320K, reserved 1048576K
}
Event: 13.004 GC heap before
{Heap before GC invocations=16 (full 0):
 garbage-first heap   total 94208K, used 36364K [0x0000000700000000, 0x0000000800000000)
  region size 2048K, 3 young (6144K), 2 survivors (4096K)
 Metaspace       used 59962K, committed 60480K, reserved 1114112K
  class space    used 8101K, committed 8384K, reserved 1048576K
}
Event: 13.007 GC heap after
{Heap after GC invocations=17 (full 0):
 garbage-first heap   total 94208K, used 36419K [0x0000000700000000, 0x0000000800000000)
  region size 2048K, 1 young (2048K), 1 survivors (2048K)
 Metaspace       used 59962K, committed 60480K, reserved 1114112K
  class space    used 8101K, committed 8384K, reserved 1048576K
}

Dll operation events (2 events):
Event: 0.009 Loaded shared library Q:\Android Studio\jbr\bin\java.dll
Event: 0.410 Loaded shared library Q:\Android Studio\jbr\bin\verify.dll

Deoptimization events (20 events):
Event: 13.294 Thread 0x00000283e4b74020 DEOPT PACKING pc=0x00000283cbbca148 sp=0x000000e06d2f6bb0
Event: 13.294 Thread 0x00000283e4b74020 DEOPT UNPACKING pc=0x00000283cb3f69a3 sp=0x000000e06d2f6ac8 mode 2
Event: 13.294 Thread 0x00000283e4b74020 Uncommon trap: trap_request=0xffffff45 fr.pc=0x00000283cba4c9a8 relative=0x00000000000006c8
Event: 13.294 Thread 0x00000283e4b74020 Uncommon trap: reason=unstable_if action=reinterpret pc=0x00000283cba4c9a8 method=java.util.HashMap.putVal(ILjava/lang/Object;Ljava/lang/Object;ZZ)Ljava/lang/Object; @ 109 c2
Event: 13.294 Thread 0x00000283e4b74020 DEOPT PACKING pc=0x00000283cba4c9a8 sp=0x000000e06d2f6b00
Event: 13.294 Thread 0x00000283e4b74020 DEOPT UNPACKING pc=0x00000283cb3f69a3 sp=0x000000e06d2f6ab8 mode 2
Event: 13.354 Thread 0x00000283e4b74020 Uncommon trap: trap_request=0xffffff45 fr.pc=0x00000283cbc0cc28 relative=0x0000000000005448
Event: 13.354 Thread 0x00000283e4b74020 Uncommon trap: reason=unstable_if action=reinterpret pc=0x00000283cbc0cc28 method=java.lang.String.split(Ljava/lang/String;I)[Ljava/lang/String; @ 209 c2
Event: 13.354 Thread 0x00000283e4b74020 DEOPT PACKING pc=0x00000283cbc0cc28 sp=0x000000e06d2f8680
Event: 13.354 Thread 0x00000283e4b74020 DEOPT UNPACKING pc=0x00000283cb3f69a3 sp=0x000000e06d2f86a0 mode 2
Event: 13.406 Thread 0x00000283e4b74020 Uncommon trap: trap_request=0xffffff45 fr.pc=0x00000283cbbf47b4 relative=0x0000000000000434
Event: 13.406 Thread 0x00000283e4b74020 Uncommon trap: reason=unstable_if action=reinterpret pc=0x00000283cbbf47b4 method=org.objectweb.asm.Type.getArgumentsAndReturnSizes(Ljava/lang/String;)I @ 117 c2
Event: 13.406 Thread 0x00000283e4b74020 DEOPT PACKING pc=0x00000283cbbf47b4 sp=0x000000e06d2f6ec0
Event: 13.406 Thread 0x00000283e4b74020 DEOPT UNPACKING pc=0x00000283cb3f69a3 sp=0x000000e06d2f6e40 mode 2
Event: 13.406 Thread 0x00000283e4b74020 Uncommon trap: trap_request=0xffffff45 fr.pc=0x00000283cbbf2430 relative=0x0000000000000890
Event: 13.406 Thread 0x00000283e4b74020 Uncommon trap: reason=unstable_if action=reinterpret pc=0x00000283cbbf2430 method=org.objectweb.asm.Frame.push(Lorg/objectweb/asm/SymbolTable;Ljava/lang/String;)V @ 42 c2
Event: 13.406 Thread 0x00000283e4b74020 DEOPT PACKING pc=0x00000283cbbf2430 sp=0x000000e06d2f6a60
Event: 13.406 Thread 0x00000283e4b74020 DEOPT UNPACKING pc=0x00000283cb3f69a3 sp=0x000000e06d2f6a20 mode 2
Event: 13.514 Thread 0x00000283e4b74020 DEOPT PACKING pc=0x00000283c4248ca3 sp=0x000000e06d2f8220
Event: 13.514 Thread 0x00000283e4b74020 DEOPT UNPACKING pc=0x00000283cb3f7143 sp=0x000000e06d2f7690 mode 0

Classes unloaded (0 events):
No events

Classes redefined (0 events):
No events

Internal exceptions (20 events):
Event: 9.163 Thread 0x00000283e4b74020 Exception <a 'java/lang/NoSuchMethodError'{0x000000070338cee8}: 'int java.lang.invoke.DirectMethodHandle$Holder.invokeInterface(java.lang.Object, java.lang.Object)'> (0x000000070338cee8) 
thrown [s\src\hotspot\share\interpreter\linkResolver.cpp, line 771]
Event: 9.267 Thread 0x00000283e4b74020 Exception <a 'java/lang/IncompatibleClassChangeError'{0x00000007076d7120}: Found class java.lang.Object, but interface was expected> (0x00000007076d7120) 
thrown [s\src\hotspot\share\interpreter\linkResolver.cpp, line 838]
Event: 9.285 Thread 0x00000283e4b74020 Exception <a 'java/lang/NoSuchMethodError'{0x0000000706c5ed60}: 'int java.lang.invoke.DirectMethodHandle$Holder.invokeStaticInit(java.lang.Object, java.lang.Object, java.lang.Object, java.lang.Object, java.lang.Object)'> (0x0000000706c5ed60) 
thrown [s\src\hotspot\share\interpreter\linkResolver.cpp, line 771]
Event: 9.365 Thread 0x00000283e4b74020 Implicit null exception at 0x00000283cbafffec to 0x00000283cbb0009c
Event: 9.904 Thread 0x00000283e4b74020 Exception <a 'java/lang/NoSuchMethodError'{0x0000000703920a28}: 'java.lang.Object java.lang.invoke.DirectMethodHandle$Holder.newInvokeSpecial(java.lang.Object, int, java.lang.Object)'> (0x0000000703920a28) 
thrown [s\src\hotspot\share\interpreter\linkResolver.cpp, line 771]
Event: 10.027 Thread 0x00000283e4b74020 Exception <a 'java/lang/NoSuchMethodError'{0x00000007054071d8}: 'java.lang.Object java.lang.invoke.DirectMethodHandle$Holder.newInvokeSpecial(java.lang.Object, java.lang.Object, java.lang.Object, java.lang.Object, int)'> (0x00000007054071d8) 
thrown [s\src\hotspot\share\interpreter\linkResolver.cpp, line 771]
Event: 10.027 Thread 0x00000283e4b74020 Exception <a 'java/lang/NoSuchMethodError'{0x000000070540d4f0}: 'java.lang.Object java.lang.invoke.DirectMethodHandle$Holder.invokeSpecial(java.lang.Object, java.lang.Object, java.lang.Object, java.lang.Object, java.lang.Object, int)'> (0x000000070540d4f0) 
thrown [s\src\hotspot\share\interpreter\linkResolver.cpp, line 771]
Event: 10.027 Thread 0x00000283e4b74020 Exception <a 'java/lang/NoSuchMethodError'{0x00000007054131b8}: 'java.lang.Object java.lang.invoke.Invokers$Holder.linkToTargetMethod(java.lang.Object, java.lang.Object, java.lang.Object, int, java.lang.Object)'> (0x00000007054131b8) 
thrown [s\src\hotspot\share\interpreter\linkResolver.cpp, line 771]
Event: 10.086 Thread 0x00000283e4b74020 Exception <a 'java/lang/IncompatibleClassChangeError'{0x00000007055f2d88}: Found class java.lang.Object, but interface was expected> (0x00000007055f2d88) 
thrown [s\src\hotspot\share\interpreter\linkResolver.cpp, line 838]
Event: 10.299 Thread 0x00000283e4b74020 Exception <a 'java/lang/NoSuchMethodError'{0x0000000704bafd68}: 'java.lang.Object java.lang.invoke.DirectMethodHandle$Holder.invokeSpecial(java.lang.Object, java.lang.Object, int, java.lang.Object, java.lang.Object, java.lang.Object)'> (0x0000000704bafd68) 
thrown [s\src\hotspot\share\interpreter\linkResolver.cpp, line 771]
Event: 13.082 Thread 0x00000283e4b74020 Exception <a 'java/lang/NoSuchMethodError'{0x0000000705698630}: 'int java.lang.invoke.DirectMethodHandle$Holder.invokeSpecialIFC(java.lang.Object, java.lang.Object, java.lang.Object)'> (0x0000000705698630) 
thrown [s\src\hotspot\share\interpreter\linkResolver.cpp, line 771]
Event: 13.153 Thread 0x00000283e4b74020 Exception <a 'java/lang/NoSuchMethodError'{0x00000007055388a8}: 'int java.lang.invoke.DirectMethodHandle$Holder.invokeStatic(java.lang.Object)'> (0x00000007055388a8) 
thrown [s\src\hotspot\share\interpreter\linkResolver.cpp, line 771]
Event: 13.153 Thread 0x00000283e4b74020 Exception <a 'java/lang/NoSuchMethodError'{0x000000070553cc98}: 'int java.lang.invoke.DirectMethodHandle$Holder.invokeStaticInit(java.lang.Object)'> (0x000000070553cc98) 
thrown [s\src\hotspot\share\interpreter\linkResolver.cpp, line 771]
Event: 13.165 Thread 0x00000283e4b74020 Exception <a 'java/lang/NoSuchMethodError'{0x00000007055ab310}: 'java.lang.Object java.lang.invoke.DirectMethodHandle$Holder.newInvokeSpecial(java.lang.Object, java.lang.Object, java.lang.Object, java.lang.Object, java.lang.Object, int)'> (0x00000007055ab310) 
thrown [s\src\hotspot\share\interpreter\linkResolver.cpp, line 771]
Event: 13.165 Thread 0x00000283e4b74020 Exception <a 'java/lang/NoSuchMethodError'{0x00000007055b04c0}: 'java.lang.Object java.lang.invoke.DirectMethodHandle$Holder.invokeSpecial(java.lang.Object, java.lang.Object, java.lang.Object, java.lang.Object, java.lang.Object, java.lang.Object, int)'> (0x00000007055b04c0) 
thrown [s\src\hotspot\share\interpreter\linkResolver.cpp, line 771]
Event: 13.182 Thread 0x00000283e4b74020 Exception <a 'java/lang/NoSuchMethodError'{0x000000070527fa88}: 'void java.lang.invoke.DirectMethodHandle$Holder.invokeStatic(java.lang.Object, java.lang.Object, java.lang.Object, int, java.lang.Object)'> (0x000000070527fa88) 
thrown [s\src\hotspot\share\interpreter\linkResolver.cpp, line 771]
Event: 13.309 Thread 0x00000283e4b74020 Exception <a 'java/lang/NoSuchMethodError'{0x0000000704a36040}: 'java.lang.Object java.lang.invoke.DirectMethodHandle$Holder.newInvokeSpecial(java.lang.Object, java.lang.Object, int)'> (0x0000000704a36040) 
thrown [s\src\hotspot\share\interpreter\linkResolver.cpp, line 771]
Event: 13.522 Thread 0x00000283e4b74020 Exception <a 'java/lang/NoSuchMethodError'{0x00000007041f2298}: 'java.lang.Object java.lang.invoke.DirectMethodHandle$Holder.newInvokeSpecial(java.lang.Object, java.lang.Object, java.lang.Object, java.lang.Object, java.lang.Object, java.lang.Object, java.lang.Object, java.lang.Object, java.lang.Object)'> (0x00000007041f2298) 
thrown [s\src\hotspot\share\interpreter\linkResolver.cpp, line 771]
Event: 13.523 Thread 0x00000283e4b74020 Exception <a 'java/lang/NoSuchMethodError'{0x00000007041f7cd8}: 'java.lang.Object java.lang.invoke.Invokers$Holder.linkToTargetMethod(java.lang.Object, java.lang.Object, java.lang.Object, java.lang.Object, java.lang.Object, java.lang.Object, java.lang.Object, java.lang.Object, java.lang.Object)'> (0x00000007041f7cd8) 
thrown [s\src\hotspot\share\interpreter\linkResolver.cpp, line 771]
Event: 13.614 Thread 0x00000283e4b74020 Exception <a 'java/lang/NoSuchMethodError'{0x0000000703d45100}: 'int java.lang.invoke.DirectMethodHandle$Holder.invokeInterface(java.lang.Object, java.lang.Object, java.lang.Object, java.lang.Object)'> (0x0000000703d45100) 
thrown [s\src\hotspot\share\interpreter\linkResolver.cpp, line 771]

VM Operations (20 events):
Event: 13.038 Executing VM operation: G1PauseCleanup
Event: 13.038 Executing VM operation: G1PauseCleanup done
Event: 13.090 Executing VM operation: HandshakeAllThreads
Event: 13.090 Executing VM operation: HandshakeAllThreads done
Event: 13.111 Executing VM operation: HandshakeAllThreads
Event: 13.111 Executing VM operation: HandshakeAllThreads done
Event: 13.464 Executing VM operation: HandshakeAllThreads
Event: 13.465 Executing VM operation: HandshakeAllThreads done
Event: 13.477 Executing VM operation: HandshakeAllThreads
Event: 13.477 Executing VM operation: HandshakeAllThreads done
Event: 13.515 Executing VM operation: ICBufferFull
Event: 13.516 Executing VM operation: ICBufferFull done
Event: 13.566 Executing VM operation: HandshakeAllThreads
Event: 13.566 Executing VM operation: HandshakeAllThreads done
Event: 13.599 Executing VM operation: HandshakeAllThreads
Event: 13.599 Executing VM operation: HandshakeAllThreads done
Event: 13.608 Executing VM operation: HandshakeAllThreads
Event: 13.608 Executing VM operation: HandshakeAllThreads done
Event: 13.611 Executing VM operation: HandshakeAllThreads
Event: 13.611 Executing VM operation: HandshakeAllThreads done

Events (20 events):
Event: 13.571 Thread 0x00000283df17bbd0 flushing nmethod 0x00000283c4802c10
Event: 13.571 Thread 0x00000283df17bbd0 flushing nmethod 0x00000283c480b590
Event: 13.571 Thread 0x00000283df17bbd0 flushing nmethod 0x00000283c480c010
Event: 13.571 Thread 0x00000283df17bbd0 flushing nmethod 0x00000283c480f810
Event: 13.571 Thread 0x00000283df17bbd0 flushing nmethod 0x00000283c480ff90
Event: 13.571 Thread 0x00000283df17bbd0 flushing nmethod 0x00000283c4816c10
Event: 13.571 Thread 0x00000283df17bbd0 flushing nmethod 0x00000283c4818190
Event: 13.571 Thread 0x00000283df17bbd0 flushing nmethod 0x00000283c4841d90
Event: 13.571 Thread 0x00000283df17bbd0 flushing nmethod 0x00000283c4851a10
Event: 13.571 Thread 0x00000283df17bbd0 flushing nmethod 0x00000283c4864590
Event: 13.571 Thread 0x00000283df17bbd0 flushing nmethod 0x00000283c4879790
Event: 13.571 Thread 0x00000283df17bbd0 flushing nmethod 0x00000283c487a710
Event: 13.572 Thread 0x00000283df17bbd0 flushing nmethod 0x00000283c48aa210
Event: 13.572 Thread 0x00000283df17bbd0 flushing nmethod 0x00000283c48ac710
Event: 13.610 loading class java/util/ArrayList$ListItr
Event: 13.610 loading class java/util/ArrayList$ListItr done
Event: 13.684 loading class java/util/IdentityHashMap$KeyIterator
Event: 13.684 loading class java/util/IdentityHashMap$IdentityHashMapIterator
Event: 13.685 loading class java/util/IdentityHashMap$IdentityHashMapIterator done
Event: 13.685 loading class java/util/IdentityHashMap$KeyIterator done


Dynamic libraries:
0x00007ff6eda00000 - 0x00007ff6eda0a000 	Q:\Android Studio\jbr\bin\java.exe
0x00007ffbe62a0000 - 0x00007ffbe6502000 	C:\WINDOWS\SYSTEM32\ntdll.dll
0x00007ffbe5710000 - 0x00007ffbe57d7000 	C:\WINDOWS\System32\KERNEL32.DLL
0x00007ffbe3820000 - 0x00007ffbe3bc1000 	C:\WINDOWS\System32\KERNELBASE.dll
0x00007ffbe36d0000 - 0x00007ffbe381c000 	C:\WINDOWS\System32\ucrtbase.dll
0x00007ffbc0250000 - 0x00007ffbc0267000 	Q:\Android Studio\jbr\bin\jli.dll
0x00007ffbc0140000 - 0x00007ffbc015b000 	Q:\Android Studio\jbr\bin\VCRUNTIME140.dll
0x00007ffbe5920000 - 0x00007ffbe5ae1000 	C:\WINDOWS\System32\USER32.dll
0x00007ffbe4110000 - 0x00007ffbe4137000 	C:\WINDOWS\System32\win32u.dll
0x00007ffbe44c0000 - 0x00007ffbe44ea000 	C:\WINDOWS\System32\GDI32.dll
0x00007ffbe3e70000 - 0x00007ffbe3f91000 	C:\WINDOWS\System32\gdi32full.dll
0x00007ffbe4060000 - 0x00007ffbe4103000 	C:\WINDOWS\System32\msvcp_win.dll
0x00007ffbc77c0000 - 0x00007ffbc7a50000 	C:\WINDOWS\WinSxS\amd64_microsoft.windows.common-controls_6595b64144ccf1df_6.0.26100.383_none_444781051c2d93b5\COMCTL32.dll
0x00007ffbe5af0000 - 0x00007ffbe5b99000 	C:\WINDOWS\System32\msvcrt.dll
0x00007ffbe5180000 - 0x00007ffbe51af000 	C:\WINDOWS\System32\IMM32.DLL
0x00007ffbddec0000 - 0x00007ffbddecc000 	Q:\Android Studio\jbr\bin\vcruntime140_1.dll
0x00007ffba0960000 - 0x00007ffba09ed000 	Q:\Android Studio\jbr\bin\msvcp140.dll
0x00007ffb1ff80000 - 0x00007ffb20c03000 	Q:\Android Studio\jbr\bin\server\jvm.dll
0x00007ffbe51c0000 - 0x00007ffbe5272000 	C:\WINDOWS\System32\ADVAPI32.dll
0x00007ffbe57e0000 - 0x00007ffbe5887000 	C:\WINDOWS\System32\sechost.dll
0x00007ffbe5ea0000 - 0x00007ffbe5fb6000 	C:\WINDOWS\System32\RPCRT4.dll
0x00007ffbe3570000 - 0x00007ffbe35be000 	C:\WINDOWS\SYSTEM32\POWRPROF.dll
0x00007ffbdea00000 - 0x00007ffbdea0a000 	C:\WINDOWS\SYSTEM32\WSOCK32.dll
0x00007ffbd8620000 - 0x00007ffbd8656000 	C:\WINDOWS\SYSTEM32\WINMM.dll
0x00007ffbe5890000 - 0x00007ffbe5904000 	C:\WINDOWS\System32\WS2_32.dll
0x00007ffbd8660000 - 0x00007ffbd866b000 	C:\WINDOWS\SYSTEM32\VERSION.dll
0x00007ffbe34a0000 - 0x00007ffbe34b4000 	C:\WINDOWS\SYSTEM32\UMPDC.dll
0x00007ffbe25a0000 - 0x00007ffbe25ba000 	C:\WINDOWS\SYSTEM32\kernel.appcore.dll
0x00007ffbcd080000 - 0x00007ffbcd08a000 	Q:\Android Studio\jbr\bin\jimage.dll
0x00007ffbe0f90000 - 0x00007ffbe11d1000 	C:\WINDOWS\SYSTEM32\DBGHELP.DLL
0x00007ffbe4140000 - 0x00007ffbe44b5000 	C:\WINDOWS\System32\combase.dll
0x00007ffbe4f60000 - 0x00007ffbe5036000 	C:\WINDOWS\System32\OLEAUT32.dll
0x00007ffbc8590000 - 0x00007ffbc85c9000 	C:\WINDOWS\SYSTEM32\dbgcore.DLL
0x00007ffbe3d50000 - 0x00007ffbe3de9000 	C:\WINDOWS\System32\bcryptPrimitives.dll
0x00007ffbbcf70000 - 0x00007ffbbcf95000 	Q:\Android Studio\jbr\bin\java.dll
0x00007ffbbdea0000 - 0x00007ffbbdeb8000 	Q:\Android Studio\jbr\bin\zip.dll
0x00007ffbe4810000 - 0x00007ffbe4efc000 	C:\WINDOWS\System32\SHELL32.dll
0x00007ffbe1520000 - 0x00007ffbe1d41000 	C:\WINDOWS\SYSTEM32\windows.storage.dll
0x00007ffbe5040000 - 0x00007ffbe5113000 	C:\WINDOWS\System32\SHCORE.dll
0x00007ffbe4f00000 - 0x00007ffbe4f5d000 	C:\WINDOWS\System32\shlwapi.dll
0x00007ffbe35f0000 - 0x00007ffbe3614000 	C:\WINDOWS\SYSTEM32\profapi.dll
0x00007ffbbcf50000 - 0x00007ffbbcf69000 	Q:\Android Studio\jbr\bin\net.dll
0x00007ffbdacd0000 - 0x00007ffbdadf6000 	C:\WINDOWS\SYSTEM32\WINHTTP.dll
0x00007ffbe2a60000 - 0x00007ffbe2ac8000 	C:\WINDOWS\system32\mswsock.dll
0x00007ffbbc3f0000 - 0x00007ffbbc406000 	Q:\Android Studio\jbr\bin\nio.dll
0x00007ffbc7b30000 - 0x00007ffbc7b40000 	Q:\Android Studio\jbr\bin\verify.dll
0x00007ffbb4c10000 - 0x00007ffbb4c37000 	C:\Users\Zach\.gradle\native\c067742578af261105cb4f569cf0c3c89f3d7b1fecec35dd04571415982c5e48\windows-amd64\native-platform.dll
0x00007ffb9d8f0000 - 0x00007ffb9da34000 	C:\Users\Zach\.gradle\native\38dada09dfb8b06ba9b0570ebf7e218e3eb74d4ef43ca46872605cf95ebc2f47\windows-amd64\native-platform-file-events.dll
0x00007ffbc7730000 - 0x00007ffbc7739000 	Q:\Android Studio\jbr\bin\management.dll
0x00007ffbc3010000 - 0x00007ffbc301b000 	Q:\Android Studio\jbr\bin\management_ext.dll
0x00007ffbe4510000 - 0x00007ffbe4518000 	C:\WINDOWS\System32\PSAPI.DLL
0x00007ffbe2cf0000 - 0x00007ffbe2d0c000 	C:\WINDOWS\SYSTEM32\CRYPTSP.dll
0x00007ffbe2500000 - 0x00007ffbe2538000 	C:\WINDOWS\system32\rsaenh.dll
0x00007ffbe2b00000 - 0x00007ffbe2b2b000 	C:\WINDOWS\SYSTEM32\USERENV.dll
0x00007ffbe2f30000 - 0x00007ffbe2f56000 	C:\WINDOWS\SYSTEM32\bcrypt.dll
0x00007ffbe2ce0000 - 0x00007ffbe2cec000 	C:\WINDOWS\SYSTEM32\CRYPTBASE.dll
0x00007ffbe2010000 - 0x00007ffbe2040000 	C:\WINDOWS\SYSTEM32\IPHLPAPI.DLL
0x00007ffbe5280000 - 0x00007ffbe528a000 	C:\WINDOWS\System32\NSI.dll
0x00007ffbdaa50000 - 0x00007ffbdaa6d000 	C:\WINDOWS\SYSTEM32\dhcpcsvc6.DLL
0x00007ffbda9c0000 - 0x00007ffbda9e4000 	C:\WINDOWS\SYSTEM32\dhcpcsvc.DLL
0x00007ffbe20b0000 - 0x00007ffbe21cd000 	C:\WINDOWS\SYSTEM32\DNSAPI.dll
0x00007ffbc2bb0000 - 0x00007ffbc2bb9000 	Q:\Android Studio\jbr\bin\extnet.dll
0x00007ffbc0310000 - 0x00007ffbc0318000 	C:\WINDOWS\system32\wshunix.dll

dbghelp: loaded successfully - version: 4.0.5 - missing functions: none
symbol engine: initialized successfully - sym options: 0x614 - pdb path: .;Q:\Android Studio\jbr\bin;C:\WINDOWS\SYSTEM32;C:\WINDOWS\WinSxS\amd64_microsoft.windows.common-controls_6595b64144ccf1df_6.0.26100.383_none_444781051c2d93b5;Q:\Android Studio\jbr\bin\server;C:\Users\Zach\.gradle\native\c067742578af261105cb4f569cf0c3c89f3d7b1fecec35dd04571415982c5e48\windows-amd64;C:\Users\Zach\.gradle\native\38dada09dfb8b06ba9b0570ebf7e218e3eb74d4ef43ca46872605cf95ebc2f47\windows-amd64

VM Arguments:
jvm_args: -XX:+HeapDumpOnOutOfMemoryError --add-opens=java.base/java.util=ALL-UNNAMED --add-opens=java.base/java.lang=ALL-UNNAMED --add-opens=java.base/java.lang.invoke=ALL-UNNAMED --add-opens=java.prefs/java.util.prefs=ALL-UNNAMED --add-opens=java.base/java.nio.charset=ALL-UNNAMED --add-opens=java.base/java.net=ALL-UNNAMED --add-opens=java.base/java.util.concurrent.atomic=ALL-UNNAMED -Xmx4G -Dfile.encoding=windows-1252 -Duser.country=US -Duser.language=en -Duser.variant 
java_command: org.gradle.launcher.daemon.bootstrap.GradleDaemon 7.6.3
java_class_path (initial): C:\Users\Zach\.gradle\wrapper\dists\gradle-7.6.3-all\aocdy2d2z8kodnny3rsumj8i8\gradle-7.6.3\lib\gradle-launcher-7.6.3.jar
Launcher Type: SUN_STANDARD

[Global flags]
     intx CICompilerCount                          = 3                                         {product} {ergonomic}
     uint ConcGCThreads                            = 2                                         {product} {ergonomic}
     uint G1ConcRefinementThreads                  = 6                                         {product} {ergonomic}
   size_t G1HeapRegionSize                         = 2097152                                   {product} {ergonomic}
    uintx GCDrainStackTargetSize                   = 64                                        {product} {ergonomic}
     bool HeapDumpOnOutOfMemoryError               = true                                   {manageable} {command line}
   size_t InitialHeapSize                          = 125829120                                 {product} {ergonomic}
   size_t MarkStackSize                            = 4194304                                   {product} {ergonomic}
   size_t MaxHeapSize                              = 4294967296                                {product} {command line}
   size_t MaxNewSize                               = 2575302656                                {product} {ergonomic}
   size_t MinHeapDeltaBytes                        = 2097152                                   {product} {ergonomic}
   size_t MinHeapSize                              = 8388608                                   {product} {ergonomic}
    uintx NonNMethodCodeHeapSize                   = 5832780                                {pd product} {ergonomic}
    uintx NonProfiledCodeHeapSize                  = 122912730                              {pd product} {ergonomic}
    uintx ProfiledCodeHeapSize                     = 122912730                              {pd product} {ergonomic}
    uintx ReservedCodeCacheSize                    = 251658240                              {pd product} {ergonomic}
     bool SegmentedCodeCache                       = true                                      {product} {ergonomic}
   size_t SoftMaxHeapSize                          = 4294967296                             {manageable} {ergonomic}
     bool UseCompressedClassPointers               = true                           {product lp64_product} {ergonomic}
     bool UseCompressedOops                        = true                           {product lp64_product} {ergonomic}
     bool UseG1GC                                  = true                                      {product} {ergonomic}
     bool UseLargePagesIndividualAllocation        = false                                  {pd product} {ergonomic}

Logging:
Log output configuration:
 #0: stdout all=warning uptime,level,tags
 #1: stderr all=off uptime,level,tags

Environment Variables:
JAVA_HOME=Q:\Android Studio\jbr
CLASSPATH=Q:\Source\mycalc_app\android\\gradle\wrapper\gradle-wrapper.jar
PATH=Q:\Android Studio\jbr\bin;C:\Program Files (x86)\Common Files\Oracle\Java\java8path;C:\Program Files (x86)\Common Files\Oracle\Java\javapath;C:\Program Files\Microsoft MPI\Bin\;C:\WINDOWS\system32;C:\WINDOWS;C:\WINDOWS\System32\Wbem;C:\WINDOWS\System32\WindowsPowerShell\v1.0\;C:\WINDOWS\System32\OpenSSH\;C:\Program Files (x86)\Microsoft SQL Server\160\Tools\Binn\;C:\Program Files\Microsoft SQL Server\160\Tools\Binn\;C:\Program Files\Microsoft SQL Server\Client SDK\ODBC\170\Tools\Binn\;C:\Program Files\Microsoft SQL Server\160\DTS\Binn\;C:\Program Files (x86)\Microsoft SQL Server\160\DTS\Binn\;C:\Program Files\Git\cmd;C:\Program Files\dotnet\;C:\Program Files\PowerShell\7\;C:\Users\Zach\AppData\Local\Microsoft\WindowsApps;C:\Users\Zach\AppData\Local\JetBrains\Toolbox\scripts;C:\Program Files\Azure Data Studio\bin;C:\Users\Zach\AppData\Local\Microsoft\WindowsApps;C:\Program Files\JetBrains\PyCharm Community Edition 2024.1.3\bin;;C:\Users\Zach\fluttersdk\flutter\bin;Q:\Microsoft VS Code\bin
USERNAME=Zach
OS=Windows_NT
PROCESSOR_IDENTIFIER=AMD64 Family 23 Model 96 Stepping 1, AuthenticAMD
TMP=C:\Users\Zach\AppData\Local\Temp
TEMP=C:\Users\Zach\AppData\Local\Temp



Periodic native trim disabled

JNI global refs:
JNI global refs: 24, weak refs: 8

JNI global refs memory usage: 843, weak refs: 841

OOME stack traces (most recent first):
Classloader memory used:
Loader org.gradle.internal.classloader.VisitableURLClassLoader                         : 4149K
Loader bootstrap                                                                       : 2565K
Loader org.gradle.initialization.MixInLegacyTypesClassLoader                           : 1156K
Loader jdk.internal.loader.ClassLoaders$PlatformClassLoader                            : 64476B
Loader jdk.internal.loader.ClassLoaders$AppClassLoader                                 : 26016B
Loader jdk.internal.reflect.DelegatingClassLoader                                      : 13048B
Loader org.gradle.internal.classloader.VisitableURLClassLoader                         : 5252B
Loader org.gradle.groovy.scripts.internal.DefaultScriptCompilationHandler$ScriptClassLoader: 5005B
Loader org.codehaus.groovy.runtime.callsite.CallSiteClassLoader                        : 1879B
Loader sun.reflect.misc.MethodUtil                                                     : 373B

Classes loaded by more than one classloader:
Class Program                                                                         : loaded 3 times (x 70B)
Class org.gradle.internal.classpath.ClassPath                                         : loaded 2 times (x 68B)
Class org.gradle.api.internal.classpath.DefaultModuleRegistry                         : loaded 2 times (x 84B)
Class org.gradle.api.Action                                                           : loaded 2 times (x 68B)
Class org.gradle.api.internal.DefaultClassPathProvider                                : loaded 2 times (x 74B)
Class org.gradle.internal.installation.GradleInstallation$1                           : loaded 2 times (x 73B)
Class org.gradle.internal.classloader.FilteringClassLoader                            : loaded 2 times (x 103B)
Class org.gradle.internal.classpath.DefaultClassPath$ImmutableUniqueList$Builder      : loaded 2 times (x 73B)
Class org.gradle.internal.classloader.ClassLoaderVisitor                              : loaded 2 times (x 74B)
Class org.gradle.internal.service.DefaultServiceLocator                               : loaded 2 times (x 81B)
Class org.gradle.internal.service.UnknownServiceException                             : loaded 2 times (x 81B)
Class org.gradle.internal.classloader.DefaultClassLoaderFactory                       : loaded 2 times (x 80B)
Class org.gradle.internal.classloader.VisitableURLClassLoader$Spec                    : loaded 2 times (x 72B)
Class org.gradle.api.GradleException                                                  : loaded 2 times (x 80B)
Class org.gradle.api.internal.classpath.ModuleRegistry                                : loaded 2 times (x 68B)
Class org.gradle.api.internal.ClassPathProvider                                       : loaded 2 times (x 68B)
Class org.gradle.internal.classloader.ClasspathUtil$1                                 : loaded 2 times (x 74B)
Class org.gradle.internal.classloader.ClassLoaderFactory                              : loaded 2 times (x 68B)
Class org.gradle.api.internal.classpath.ManifestUtil                                  : loaded 2 times (x 69B)
Class org.gradle.api.specs.Spec                                                       : loaded 2 times (x 68B)
Class org.gradle.internal.IoActions                                                   : loaded 2 times (x 69B)
Class org.gradle.api.internal.classpath.EffectiveClassPath                            : loaded 2 times (x 88B)
Class org.gradle.internal.installation.CurrentGradleInstallation                      : loaded 2 times (x 71B)
Class org.gradle.internal.installation.CurrentGradleInstallationLocator               : loaded 2 times (x 69B)
Class org.gradle.api.internal.classpath.Module                                        : loaded 2 times (x 68B)
Class org.gradle.internal.service.CachingServiceLocator                               : loaded 2 times (x 80B)
Class org.gradle.internal.classpath.DefaultClassPath                                  : loaded 2 times (x 88B)
Class org.gradle.api.Transformer                                                      : loaded 2 times (x 68B)
Class org.gradle.internal.classloader.SystemClassLoaderSpec                           : loaded 2 times (x 69B)
Class org.gradle.api.UncheckedIOException                                             : loaded 2 times (x 80B)
Class org.gradle.internal.installation.GradleInstallation                             : loaded 2 times (x 73B)
Class org.gradle.internal.classloader.ClasspathUtil                                   : loaded 2 times (x 69B)
Class org.gradle.api.internal.DefaultClassPathRegistry                                : loaded 2 times (x 74B)
Class org.gradle.api.internal.classpath.DefaultModuleRegistry$DefaultModule           : loaded 2 times (x 84B)
Class org.gradle.api.internal.classpath.UnknownModuleException                        : loaded 2 times (x 80B)
Class org.gradle.internal.service.ServiceLookupException                              : loaded 2 times (x 80B)
Class org.gradle.cache.GlobalCache                                                    : loaded 2 times (x 68B)
Class [Lorg.gradle.api.internal.ClassPathProvider;                                    : loaded 2 times (x 67B)
Class org.gradle.util.internal.GUtil                                                  : loaded 2 times (x 69B)
Class org.gradle.internal.classloader.ClassLoaderSpec                                 : loaded 2 times (x 69B)
Class org.gradle.internal.classloader.VisitableURLClassLoader                         : loaded 2 times (x 115B)
Class org.gradle.internal.Cast                                                        : loaded 2 times (x 69B)
Class Build_gradle                                                                    : loaded 2 times (x 128B)
Class org.gradle.api.internal.ClassPathRegistry                                       : loaded 2 times (x 68B)
Class org.gradle.internal.classloader.ClassLoaderHierarchy                            : loaded 2 times (x 68B)
Class org.gradle.internal.service.ServiceLocator                                      : loaded 2 times (x 68B)
Class org.gradle.internal.classpath.DefaultClassPath$ImmutableUniqueList              : loaded 2 times (x 159B)


---------------  S Y S T E M  ---------------

OS:
 Windows 11 , 64 bit Build 26100 (10.0.26100.961)
OS uptime: 0 days 22:59 hours

CPU: total 6 (initial active 6) (6 cores per cpu, 1 threads per core) family 23 model 96 stepping 1 microcode 0x860010c, cx8, cmov, fxsr, mmx, 3dnowpref, sse, sse2, sse3, ssse3, sse4a, sse4.1, sse4.2, popcnt, lzcnt, tsc, tscinvbit, avx, avx2, aes, clmul, bmi1, bmi2, adx, sha, fma, vzeroupper, clflush, clflushopt
Processor Information for all 6 processors :
  Max Mhz: 2375, Current Mhz: 2375, Mhz Limit: 2375

Memory: 4k page, system-wide physical 7581M (370M free)
TotalPageFile size 16797M (AvailPageFile size 0M)
current process WorkingSet (physical memory assigned to process): 255M, peak: 255M
current process commit charge ("private bytes"): 293M, peak: 295M

vm_info: OpenJDK 64-Bit Server VM (17.0.10+0--11609105) for windows-amd64 JRE (17.0.10+0--11609105), built on Mar 21 2024 19:10:56 by "androidbuild" with MS VC++ 16.10 / 16.11 (VS2019)

END.
